# JRE version: OpenJDK Runtime Environment Temurin-21.0.6+7 (21.0.6+7) (build 21.0.6+7-LTS)
# Java VM: OpenJDK 64-Bit Server VM Temurin-21.0.6+7 (21.0.6+7-LTS, mixed mode, sharing, tiered, compressed oops, compressed class ptrs, parallel gc, windows-amd64)
GC Precious Log:
 CardTable entry size: 512
 CPUs: 8 total, 8 available
 Memory: 8029M
 Large Page Support: Disabled
 NUMA Support: Disabled
 Compressed Oops: Enabled (32-bit)
 Alignments: Space 512K, Generation 512K, Heap 2M
 Heap Min Capacity: 100M
 Heap Initial Capacity: 100M
 Heap Max Capacity: 1G
 Pre-touch: Disabled
 Parallel Workers: 8
Heap:
 PSYoungGen      total 6144K, used 4686K [0x00000000eab00000, 0x00000000eb200000, 0x0000000100000000)
  eden space 5120K, 76% used [0x00000000eab00000,0x00000000eaed5a58,0x00000000eb000000)
  from space 1024K, 74% used [0x00000000eb000000,0x00000000eb0be008,0x00000000eb100000)
  to   space 1024K, 0% used [0x00000000eb100000,0x00000000eb100000,0x00000000eb200000)
 ParOldGen       total 593920K, used 593897K [0x00000000c0000000, 0x00000000e4400000, 0x00000000eab00000)
  object space 593920K, 99% used [0x00000000c0000000,0x00000000e43fa748,0x00000000e4400000)
 Metaspace       used 64656K, committed 66176K, reserved 1114112K
  class space    used 6676K, committed 7360K, reserved 1048576K
GC Heap History (20 events):
Event: 21.906 GC heap before
{Heap before GC invocations=845 (full 3):
 PSYoungGen      total 6144K, used 5964K [0x00000000eab00000, 0x00000000eb200000, 0x0000000100000000)
  eden space 5120K, 100% used [0x00000000eab00000,0x00000000eb000000,0x00000000eb000000)
  from space 1024K, 82% used [0x00000000eb000000,0x00000000eb0d3008,0x00000000eb100000)
  to   space 1024K, 0% used [0x00000000eb100000,0x00000000eb100000,0x00000000eb200000)
 ParOldGen       total 587264K, used 587143K [0x00000000c0000000, 0x00000000e3d80000, 0x00000000eab00000)
  object space 587264K, 99% used [0x00000000c0000000,0x00000000e3d61f78,0x00000000e3d80000)
 Metaspace       used 64648K, committed 66176K, reserved 1114112K
  class space    used 6676K, committed 7360K, reserved 1048576K
}
Event: 21.908 GC heap after
{Heap after GC invocations=845 (full 3):
 PSYoungGen      total 6144K, used 497K [0x00000000eab00000, 0x00000000eb200000, 0x0000000100000000)
  eden space 5120K, 0% used [0x00000000eab00000,0x00000000eab00000,0x00000000eb000000)
  from space 1024K, 48% used [0x00000000eb100000,0x00000000eb17c5c8,0x00000000eb200000)
  to   space 1024K, 0% used [0x00000000eb000000,0x00000000eb000000,0x00000000eb100000)
 ParOldGen       total 588288K, used 587921K [0x00000000c0000000, 0x00000000e3e80000, 0x00000000eab00000)
  object space 588288K, 99% used [0x00000000c0000000,0x00000000e3e24590,0x00000000e3e80000)
 Metaspace       used 64648K, committed 66176K, reserved 1114112K
  class space    used 6676K, committed 7360K, reserved 1048576K
}
Event: 21.918 GC heap before
{Heap before GC invocations=846 (full 3):
 PSYoungGen      total 6144K, used 5617K [0x00000000eab00000, 0x00000000eb200000, 0x0000000100000000)
  eden space 5120K, 100% used [0x00000000eab00000,0x00000000eb000000,0x00000000eb000000)
  from space 1024K, 48% used [0x00000000eb100000,0x00000000eb17c5c8,0x00000000eb200000)
  to   space 1024K, 0% used [0x00000000eb000000,0x00000000eb000000,0x00000000eb100000)
 ParOldGen       total 588288K, used 587921K [0x00000000c0000000, 0x00000000e3e80000, 0x00000000eab00000)
  object space 588288K, 99% used [0x00000000c0000000,0x00000000e3e24590,0x00000000e3e80000)
 Metaspace       used 64648K, committed 66176K, reserved 1114112K
  class space    used 6676K, committed 7360K, reserved 1048576K
}
Event: 21.920 GC heap after
{Heap after GC invocations=846 (full 3):
 PSYoungGen      total 6144K, used 699K [0x00000000eab00000, 0x00000000eb200000, 0x0000000100000000)
  eden space 5120K, 0% used [0x00000000eab00000,0x00000000eab00000,0x00000000eb000000)
  from space 1024K, 68% used [0x00000000eb000000,0x00000000eb0aec08,0x00000000eb100000)
  to   space 1024K, 0% used [0x00000000eb100000,0x00000000eb100000,0x00000000eb200000)
 ParOldGen       total 588800K, used 588362K [0x00000000c0000000, 0x00000000e3f00000, 0x00000000eab00000)
  object space 588800K, 99% used [0x00000000c0000000,0x00000000e3e92b58,0x00000000e3f00000)
 Metaspace       used 64648K, committed 66176K, reserved 1114112K
  class space    used 6676K, committed 7360K, reserved 1048576K
}
Event: 21.978 GC heap before
{Heap before GC invocations=847 (full 3):
 PSYoungGen      total 6144K, used 5819K [0x00000000eab00000, 0x00000000eb200000, 0x0000000100000000)
  eden space 5120K, 100% used [0x00000000eab00000,0x00000000eb000000,0x00000000eb000000)
  from space 1024K, 68% used [0x00000000eb000000,0x00000000eb0aec08,0x00000000eb100000)
  to   space 1024K, 0% used [0x00000000eb100000,0x00000000eb100000,0x00000000eb200000)
 ParOldGen       total 588800K, used 588362K [0x00000000c0000000, 0x00000000e3f00000, 0x00000000eab00000)
  object space 588800K, 99% used [0x00000000c0000000,0x00000000e3e92b58,0x00000000e3f00000)
 Metaspace       used 64650K, committed 66176K, reserved 1114112K
  class space    used 6676K, committed 7360K, reserved 1048576K
}
Event: 21.979 GC heap after
{Heap after GC invocations=847 (full 3):
 PSYoungGen      total 6144K, used 544K [0x00000000eab00000, 0x00000000eb200000, 0x0000000100000000)
  eden space 5120K, 0% used [0x00000000eab00000,0x00000000eab00000,0x00000000eb000000)
  from space 1024K, 53% used [0x00000000eb100000,0x00000000eb188000,0x00000000eb200000)
  to   space 1024K, 0% used [0x00000000eb000000,0x00000000eb000000,0x00000000eb100000)
 ParOldGen       total 589312K, used 588941K [0x00000000c0000000, 0x00000000e3f80000, 0x00000000eab00000)
  object space 589312K, 99% used [0x00000000c0000000,0x00000000e3f23760,0x00000000e3f80000)
 Metaspace       used 64650K, committed 66176K, reserved 1114112K
  class space    used 6676K, committed 7360K, reserved 1048576K
}
Event: 22.014 GC heap before
{Heap before GC invocations=848 (full 3):
 PSYoungGen      total 6144K, used 5664K [0x00000000eab00000, 0x00000000eb200000, 0x0000000100000000)
  eden space 5120K, 100% used [0x00000000eab00000,0x00000000eb000000,0x00000000eb000000)
  from space 1024K, 53% used [0x00000000eb100000,0x00000000eb188000,0x00000000eb200000)
  to   space 1024K, 0% used [0x00000000eb000000,0x00000000eb000000,0x00000000eb100000)
 ParOldGen       total 589312K, used 588941K [0x00000000c0000000, 0x00000000e3f80000, 0x00000000eab00000)
  object space 589312K, 99% used [0x00000000c0000000,0x00000000e3f23760,0x00000000e3f80000)
 Metaspace       used 64655K, committed 66176K, reserved 1114112K
  class space    used 6676K, committed 7360K, reserved 1048576K
}
Event: 22.016 GC heap after
{Heap after GC invocations=848 (full 3):
 PSYoungGen      total 6144K, used 502K [0x00000000eab00000, 0x00000000eb200000, 0x0000000100000000)
  eden space 5120K, 0% used [0x00000000eab00000,0x00000000eab00000,0x00000000eb000000)
  from space 1024K, 49% used [0x00000000eb000000,0x00000000eb07dac8,0x00000000eb100000)
  to   space 1024K, 0% used [0x00000000eb100000,0x00000000eb100000,0x00000000eb200000)
 ParOldGen       total 589824K, used 589325K [0x00000000c0000000, 0x00000000e4000000, 0x00000000eab00000)
  object space 589824K, 99% used [0x00000000c0000000,0x00000000e3f83760,0x00000000e4000000)
 Metaspace       used 64655K, committed 66176K, reserved 1114112K
  class space    used 6676K, committed 7360K, reserved 1048576K
}
Event: 22.025 GC heap before
{Heap before GC invocations=849 (full 3):
 PSYoungGen      total 6144K, used 5622K [0x00000000eab00000, 0x00000000eb200000, 0x0000000100000000)
  eden space 5120K, 100% used [0x00000000eab00000,0x00000000eb000000,0x00000000eb000000)
  from space 1024K, 49% used [0x00000000eb000000,0x00000000eb07dac8,0x00000000eb100000)
  to   space 1024K, 0% used [0x00000000eb100000,0x00000000eb100000,0x00000000eb200000)
 ParOldGen       total 589824K, used 589325K [0x00000000c0000000, 0x00000000e4000000, 0x00000000eab00000)
  object space 589824K, 99% used [0x00000000c0000000,0x00000000e3f83760,0x00000000e4000000)
 Metaspace       used 64655K, committed 66176K, reserved 1114112K
  class space    used 6676K, committed 7360K, reserved 1048576K
}
Event: 22.027 GC heap after
{Heap after GC invocations=849 (full 3):
 PSYoungGen      total 6144K, used 800K [0x00000000eab00000, 0x00000000eb200000, 0x0000000100000000)
  eden space 5120K, 0% used [0x00000000eab00000,0x00000000eab00000,0x00000000eb000000)
  from space 1024K, 78% used [0x00000000eb100000,0x00000000eb1c8000,0x00000000eb200000)
  to   space 1024K, 0% used [0x00000000eb000000,0x00000000eb000000,0x00000000eb100000)
 ParOldGen       total 589824K, used 589700K [0x00000000c0000000, 0x00000000e4000000, 0x00000000eab00000)
  object space 589824K, 99% used [0x00000000c0000000,0x00000000e3fe1228,0x00000000e4000000)
 Metaspace       used 64655K, committed 66176K, reserved 1114112K
  class space    used 6676K, committed 7360K, reserved 1048576K
}
Event: 22.038 GC heap before
{Heap before GC invocations=850 (full 3):
 PSYoungGen      total 6144K, used 5920K [0x00000000eab00000, 0x00000000eb200000, 0x0000000100000000)
  eden space 5120K, 100% used [0x00000000eab00000,0x00000000eb000000,0x00000000eb000000)
  from space 1024K, 78% used [0x00000000eb100000,0x00000000eb1c8000,0x00000000eb200000)
  to   space 1024K, 0% used [0x00000000eb000000,0x00000000eb000000,0x00000000eb100000)
 ParOldGen       total 589824K, used 589700K [0x00000000c0000000, 0x00000000e4000000, 0x00000000eab00000)
  object space 589824K, 99% used [0x00000000c0000000,0x00000000e3fe1228,0x00000000e4000000)
 Metaspace       used 64655K, committed 66176K, reserved 1114112K
  class space    used 6676K, committed 7360K, reserved 1048576K
}
Event: 22.040 GC heap after
{Heap after GC invocations=850 (full 3):
 PSYoungGen      total 6144K, used 758K [0x00000000eab00000, 0x00000000eb200000, 0x0000000100000000)
  eden space 5120K, 0% used [0x00000000eab00000,0x00000000eab00000,0x00000000eb000000)
  from space 1024K, 74% used [0x00000000eb000000,0x00000000eb0bd808,0x00000000eb100000)
  to   space 1024K, 0% used [0x00000000eb100000,0x00000000eb100000,0x00000000eb200000)
 ParOldGen       total 590848K, used 590340K [0x00000000c0000000, 0x00000000e4100000, 0x00000000eab00000)
  object space 590848K, 99% used [0x00000000c0000000,0x00000000e4081228,0x00000000e4100000)
 Metaspace       used 64655K, committed 66176K, reserved 1114112K
  class space    used 6676K, committed 7360K, reserved 1048576K
}
Event: 22.054 GC heap before
{Heap before GC invocations=851 (full 3):
 PSYoungGen      total 6144K, used 5878K [0x00000000eab00000, 0x00000000eb200000, 0x0000000100000000)
  eden space 5120K, 100% used [0x00000000eab00000,0x00000000eb000000,0x00000000eb000000)
  from space 1024K, 74% used [0x00000000eb000000,0x00000000eb0bd808,0x00000000eb100000)
  to   space 1024K, 0% used [0x00000000eb100000,0x00000000eb100000,0x00000000eb200000)
 ParOldGen       total 590848K, used 590340K [0x00000000c0000000, 0x00000000e4100000, 0x00000000eab00000)
  object space 590848K, 99% used [0x00000000c0000000,0x00000000e4081228,0x00000000e4100000)
 Metaspace       used 64655K, committed 66176K, reserved 1114112K
  class space    used 6676K, committed 7360K, reserved 1048576K
}
Event: 22.057 GC heap after
{Heap after GC invocations=851 (full 3):
 PSYoungGen      total 6144K, used 693K [0x00000000eab00000, 0x00000000eb200000, 0x0000000100000000)
  eden space 5120K, 0% used [0x00000000eab00000,0x00000000eab00000,0x00000000eb000000)
  from space 1024K, 67% used [0x00000000eb100000,0x00000000eb1ad650,0x00000000eb200000)
  to   space 1024K, 0% used [0x00000000eb000000,0x00000000eb000000,0x00000000eb100000)
 ParOldGen       total 591360K, used 591002K [0x00000000c0000000, 0x00000000e4180000, 0x00000000eab00000)
  object space 591360K, 99% used [0x00000000c0000000,0x00000000e4126a30,0x00000000e4180000)
 Metaspace       used 64655K, committed 66176K, reserved 1114112K
  class space    used 6676K, committed 7360K, reserved 1048576K
}
Event: 22.071 GC heap before
{Heap before GC invocations=852 (full 3):
 PSYoungGen      total 6144K, used 5813K [0x00000000eab00000, 0x00000000eb200000, 0x0000000100000000)
  eden space 5120K, 100% used [0x00000000eab00000,0x00000000eb000000,0x00000000eb000000)
  from space 1024K, 67% used [0x00000000eb100000,0x00000000eb1ad650,0x00000000eb200000)
  to   space 1024K, 0% used [0x00000000eb000000,0x00000000eb000000,0x00000000eb100000)
 ParOldGen       total 591360K, used 591002K [0x00000000c0000000, 0x00000000e4180000, 0x00000000eab00000)
  object space 591360K, 99% used [0x00000000c0000000,0x00000000e4126a30,0x00000000e4180000)
 Metaspace       used 64655K, committed 66176K, reserved 1114112K
  class space    used 6676K, committed 7360K, reserved 1048576K
}
Event: 22.073 GC heap after
{Heap after GC invocations=852 (full 3):
 PSYoungGen      total 6144K, used 844K [0x00000000eab00000, 0x00000000eb200000, 0x0000000100000000)
  eden space 5120K, 0% used [0x00000000eab00000,0x00000000eab00000,0x00000000eb000000)
  from space 1024K, 82% used [0x00000000eb000000,0x00000000eb0d3008,0x00000000eb100000)
  to   space 1024K, 0% used [0x00000000eb100000,0x00000000eb100000,0x00000000eb200000)
 ParOldGen       total 591872K, used 591554K [0x00000000c0000000, 0x00000000e4200000, 0x00000000eab00000)
  object space 591872K, 99% used [0x00000000c0000000,0x00000000e41b0a30,0x00000000e4200000)
 Metaspace       used 64655K, committed 66176K, reserved 1114112K
  class space    used 6676K, committed 7360K, reserved 1048576K
}
Event: 22.087 GC heap before
{Heap before GC invocations=853 (full 3):
 PSYoungGen      total 6144K, used 5964K [0x00000000eab00000, 0x00000000eb200000, 0x0000000100000000)
  eden space 5120K, 100% used [0x00000000eab00000,0x00000000eb000000,0x00000000eb000000)
  from space 1024K, 82% used [0x00000000eb000000,0x00000000eb0d3008,0x00000000eb100000)
  to   space 1024K, 0% used [0x00000000eb100000,0x00000000eb100000,0x00000000eb200000)
 ParOldGen       total 591872K, used 591554K [0x00000000c0000000, 0x00000000e4200000, 0x00000000eab00000)
  object space 591872K, 99% used [0x00000000c0000000,0x00000000e41b0a30,0x00000000e4200000)
 Metaspace       used 64655K, committed 66176K, reserved 1114112K
  class space    used 6676K, committed 7360K, reserved 1048576K
}
Event: 22.090 GC heap after
{Heap after GC invocations=853 (full 3):
 PSYoungGen      total 6144K, used 608K [0x00000000eab00000, 0x00000000eb200000, 0x0000000100000000)
  eden space 5120K, 0% used [0x00000000eab00000,0x00000000eab00000,0x00000000eb000000)
  from space 1024K, 59% used [0x00000000eb100000,0x00000000eb198000,0x00000000eb200000)
  to   space 1024K, 0% used [0x00000000eb000000,0x00000000eb000000,0x00000000eb100000)
 ParOldGen       total 592384K, used 592270K [0x00000000c0000000, 0x00000000e4280000, 0x00000000eab00000)
  object space 592384K, 99% used [0x00000000c0000000,0x00000000e4263a38,0x00000000e4280000)
 Metaspace       used 64655K, committed 66176K, reserved 1114112K
  class space    used 6676K, committed 7360K, reserved 1048576K
}
Event: 22.102 GC heap before
{Heap before GC invocations=854 (full 3):
 PSYoungGen      total 6144K, used 5728K [0x00000000eab00000, 0x00000000eb200000, 0x0000000100000000)
  eden space 5120K, 100% used [0x00000000eab00000,0x00000000eb000000,0x00000000eb000000)
  from space 1024K, 59% used [0x00000000eb100000,0x00000000eb198000,0x00000000eb200000)
  to   space 1024K, 0% used [0x00000000eb000000,0x00000000eb000000,0x00000000eb100000)
 ParOldGen       total 592384K, used 592270K [0x00000000c0000000, 0x00000000e4280000, 0x00000000eab00000)
  object space 592384K, 99% used [0x00000000c0000000,0x00000000e4263a38,0x00000000e4280000)
 Metaspace       used 64655K, committed 66176K, reserved 1114112K
  class space    used 6676K, committed 7360K, reserved 1048576K
}
Event: 22.105 GC heap after
{Heap after GC invocations=854 (full 3):
 PSYoungGen      total 6144K, used 704K [0x00000000eab00000, 0x00000000eb200000, 0x0000000100000000)
  eden space 5120K, 0% used [0x00000000eab00000,0x00000000eab00000,0x00000000eb000000)
  from space 1024K, 68% used [0x00000000eb000000,0x00000000eb0b0000,0x00000000eb100000)
  to   space 1024K, 0% used [0x00000000eb100000,0x00000000eb100000,0x00000000eb200000)
 ParOldGen       total 592896K, used 592790K [0x00000000c0000000, 0x00000000e4300000, 0x00000000eab00000)
  object space 592896K, 99% used [0x00000000c0000000,0x00000000e42e5a38,0x00000000e4300000)
 Metaspace       used 64655K, committed 66176K, reserved 1114112K
  class space    used 6676K, committed 7360K, reserved 1048576K
}

