# JRE version: OpenJDK Runtime Environment Temurin-21.0.6+7 (21.0.6+7) (build 21.0.6+7-LTS)
# Java VM: OpenJDK 64-Bit Server VM Temurin-21.0.6+7 (21.0.6+7-LTS, mixed mode, sharing, tiered, compressed oops, compressed class ptrs, parallel gc, windows-amd64)
GC Precious Log:
 CardTable entry size: 512
 CPUs: 8 total, 8 available
 Memory: 8029M
 Large Page Support: Disabled
 NUMA Support: Disabled
 Compressed Oops: Enabled (32-bit)
 Alignments: Space 512K, Generation 512K, Heap 2M
 Heap Min Capacity: 100M
 Heap Initial Capacity: 100M
 Heap Max Capacity: 1G
 Pre-touch: Disabled
 Parallel Workers: 8
Heap:
 PSYoungGen      total 4608K, used 1550K [0x00000000eab00000, 0x00000000eb500000, 0x0000000100000000)
  eden space 3584K, 15% used [0x00000000eab00000,0x00000000eab8f9e8,0x00000000eae80000)
  from space 1024K, 97% used [0x00000000eb100000,0x00000000eb1f8a00,0x00000000eb200000)
  to   space 2560K, 0% used [0x00000000eae80000,0x00000000eae80000,0x00000000eb100000)
 ParOldGen       total 223744K, used 223322K [0x00000000c0000000, 0x00000000cda80000, 0x00000000eab00000)
  object space 223744K, 99% used [0x00000000c0000000,0x00000000cda168b8,0x00000000cda80000)
 Metaspace       used 62717K, committed 64128K, reserved 1114112K
  class space    used 6394K, committed 7040K, reserved 1048576K
GC Heap History (20 events):
Event: 35.087 GC heap before
{Heap before GC invocations=243 (full 3):
 PSYoungGen      total 3072K, used 2712K [0x00000000eab00000, 0x00000000eaf00000, 0x0000000100000000)
  eden space 2048K, 100% used [0x00000000eab00000,0x00000000ead00000,0x00000000ead00000)
  from space 1024K, 64% used [0x00000000ead00000,0x00000000eada6110,0x00000000eae00000)
  to   space 1024K, 0% used [0x00000000eae00000,0x00000000eae00000,0x00000000eaf00000)
 ParOldGen       total 214528K, used 214021K [0x00000000c0000000, 0x00000000cd180000, 0x00000000eab00000)
  object space 214528K, 99% used [0x00000000c0000000,0x00000000cd101568,0x00000000cd180000)
 Metaspace       used 62520K, committed 63936K, reserved 1114112K
  class space    used 6383K, committed 7040K, reserved 1048576K
}
Event: 35.090 GC heap after
{Heap after GC invocations=243 (full 3):
 PSYoungGen      total 3072K, used 650K [0x00000000eab00000, 0x00000000eaf80000, 0x0000000100000000)
  eden space 2048K, 0% used [0x00000000eab00000,0x00000000eab00000,0x00000000ead00000)
  from space 1024K, 63% used [0x00000000eae00000,0x00000000eaea2a78,0x00000000eaf00000)
  to   space 1024K, 0% used [0x00000000ead00000,0x00000000ead00000,0x00000000eae00000)
 ParOldGen       total 215040K, used 214570K [0x00000000c0000000, 0x00000000cd200000, 0x00000000eab00000)
  object space 215040K, 99% used [0x00000000c0000000,0x00000000cd18abd8,0x00000000cd200000)
 Metaspace       used 62520K, committed 63936K, reserved 1114112K
  class space    used 6383K, committed 7040K, reserved 1048576K
}
Event: 35.096 GC heap before
{Heap before GC invocations=244 (full 3):
 PSYoungGen      total 3072K, used 2698K [0x00000000eab00000, 0x00000000eaf80000, 0x0000000100000000)
  eden space 2048K, 100% used [0x00000000eab00000,0x00000000ead00000,0x00000000ead00000)
  from space 1024K, 63% used [0x00000000eae00000,0x00000000eaea2a78,0x00000000eaf00000)
  to   space 1024K, 0% used [0x00000000ead00000,0x00000000ead00000,0x00000000eae00000)
 ParOldGen       total 215040K, used 214570K [0x00000000c0000000, 0x00000000cd200000, 0x00000000eab00000)
  object space 215040K, 99% used [0x00000000c0000000,0x00000000cd18abd8,0x00000000cd200000)
 Metaspace       used 62523K, committed 63936K, reserved 1114112K
  class space    used 6383K, committed 7040K, reserved 1048576K
}
Event: 35.099 GC heap after
{Heap after GC invocations=244 (full 3):
 PSYoungGen      total 3072K, used 608K [0x00000000eab00000, 0x00000000eaf80000, 0x0000000100000000)
  eden space 2048K, 0% used [0x00000000eab00000,0x00000000eab00000,0x00000000ead00000)
  from space 1024K, 59% used [0x00000000ead00000,0x00000000ead98000,0x00000000eae00000)
  to   space 1024K, 0% used [0x00000000eae80000,0x00000000eae80000,0x00000000eaf80000)
 ParOldGen       total 215552K, used 215092K [0x00000000c0000000, 0x00000000cd280000, 0x00000000eab00000)
  object space 215552K, 99% used [0x00000000c0000000,0x00000000cd20d368,0x00000000cd280000)
 Metaspace       used 62523K, committed 63936K, reserved 1114112K
  class space    used 6383K, committed 7040K, reserved 1048576K
}
Event: 35.107 GC heap before
{Heap before GC invocations=245 (full 3):
 PSYoungGen      total 3072K, used 2656K [0x00000000eab00000, 0x00000000eaf80000, 0x0000000100000000)
  eden space 2048K, 100% used [0x00000000eab00000,0x00000000ead00000,0x00000000ead00000)
  from space 1024K, 59% used [0x00000000ead00000,0x00000000ead98000,0x00000000eae00000)
  to   space 1024K, 0% used [0x00000000eae80000,0x00000000eae80000,0x00000000eaf80000)
 ParOldGen       total 215552K, used 215092K [0x00000000c0000000, 0x00000000cd280000, 0x00000000eab00000)
  object space 215552K, 99% used [0x00000000c0000000,0x00000000cd20d368,0x00000000cd280000)
 Metaspace       used 62529K, committed 64000K, reserved 1114112K
  class space    used 6383K, committed 7040K, reserved 1048576K
}
Event: 35.109 GC heap after
{Heap after GC invocations=245 (full 3):
 PSYoungGen      total 3584K, used 736K [0x00000000eab00000, 0x00000000eaf80000, 0x0000000100000000)
  eden space 2560K, 0% used [0x00000000eab00000,0x00000000eab00000,0x00000000ead80000)
  from space 1024K, 71% used [0x00000000eae80000,0x00000000eaf38010,0x00000000eaf80000)
  to   space 1024K, 0% used [0x00000000ead80000,0x00000000ead80000,0x00000000eae80000)
 ParOldGen       total 216064K, used 215574K [0x00000000c0000000, 0x00000000cd300000, 0x00000000eab00000)
  object space 216064K, 99% used [0x00000000c0000000,0x00000000cd285830,0x00000000cd300000)
 Metaspace       used 62529K, committed 64000K, reserved 1114112K
  class space    used 6383K, committed 7040K, reserved 1048576K
}
Event: 35.119 GC heap before
{Heap before GC invocations=246 (full 3):
 PSYoungGen      total 3584K, used 3296K [0x00000000eab00000, 0x00000000eaf80000, 0x0000000100000000)
  eden space 2560K, 100% used [0x00000000eab00000,0x00000000ead80000,0x00000000ead80000)
  from space 1024K, 71% used [0x00000000eae80000,0x00000000eaf38010,0x00000000eaf80000)
  to   space 1024K, 0% used [0x00000000ead80000,0x00000000ead80000,0x00000000eae80000)
 ParOldGen       total 216064K, used 215574K [0x00000000c0000000, 0x00000000cd300000, 0x00000000eab00000)
  object space 216064K, 99% used [0x00000000c0000000,0x00000000cd285830,0x00000000cd300000)
 Metaspace       used 62537K, committed 64000K, reserved 1114112K
  class space    used 6383K, committed 7040K, reserved 1048576K
}
Event: 35.120 GC heap after
{Heap after GC invocations=246 (full 3):
 PSYoungGen      total 3584K, used 677K [0x00000000eab00000, 0x00000000eaf80000, 0x0000000100000000)
  eden space 2560K, 0% used [0x00000000eab00000,0x00000000eab00000,0x00000000ead80000)
  from space 1024K, 66% used [0x00000000ead80000,0x00000000eae296f8,0x00000000eae80000)
  to   space 1024K, 0% used [0x00000000eae80000,0x00000000eae80000,0x00000000eaf80000)
 ParOldGen       total 216576K, used 216151K [0x00000000c0000000, 0x00000000cd380000, 0x00000000eab00000)
  object space 216576K, 99% used [0x00000000c0000000,0x00000000cd315c98,0x00000000cd380000)
 Metaspace       used 62537K, committed 64000K, reserved 1114112K
  class space    used 6383K, committed 7040K, reserved 1048576K
}
Event: 35.131 GC heap before
{Heap before GC invocations=247 (full 3):
 PSYoungGen      total 3584K, used 3237K [0x00000000eab00000, 0x00000000eaf80000, 0x0000000100000000)
  eden space 2560K, 100% used [0x00000000eab00000,0x00000000ead80000,0x00000000ead80000)
  from space 1024K, 66% used [0x00000000ead80000,0x00000000eae296f8,0x00000000eae80000)
  to   space 1024K, 0% used [0x00000000eae80000,0x00000000eae80000,0x00000000eaf80000)
 ParOldGen       total 216576K, used 216151K [0x00000000c0000000, 0x00000000cd380000, 0x00000000eab00000)
  object space 216576K, 99% used [0x00000000c0000000,0x00000000cd315c98,0x00000000cd380000)
 Metaspace       used 62545K, committed 64000K, reserved 1114112K
  class space    used 6383K, committed 7040K, reserved 1048576K
}
Event: 35.132 GC heap after
{Heap after GC invocations=247 (full 3):
 PSYoungGen      total 3584K, used 679K [0x00000000eab00000, 0x00000000eaf80000, 0x0000000100000000)
  eden space 2560K, 0% used [0x00000000eab00000,0x00000000eab00000,0x00000000ead80000)
  from space 1024K, 66% used [0x00000000eae80000,0x00000000eaf29e50,0x00000000eaf80000)
  to   space 1024K, 0% used [0x00000000ead80000,0x00000000ead80000,0x00000000eae80000)
 ParOldGen       total 217088K, used 216782K [0x00000000c0000000, 0x00000000cd400000, 0x00000000eab00000)
  object space 217088K, 99% used [0x00000000c0000000,0x00000000cd3b3a28,0x00000000cd400000)
 Metaspace       used 62545K, committed 64000K, reserved 1114112K
  class space    used 6383K, committed 7040K, reserved 1048576K
}
Event: 35.139 GC heap before
{Heap before GC invocations=248 (full 3):
 PSYoungGen      total 3584K, used 3239K [0x00000000eab00000, 0x00000000eaf80000, 0x0000000100000000)
  eden space 2560K, 100% used [0x00000000eab00000,0x00000000ead80000,0x00000000ead80000)
  from space 1024K, 66% used [0x00000000eae80000,0x00000000eaf29e50,0x00000000eaf80000)
  to   space 1024K, 0% used [0x00000000ead80000,0x00000000ead80000,0x00000000eae80000)
 ParOldGen       total 217088K, used 216782K [0x00000000c0000000, 0x00000000cd400000, 0x00000000eab00000)
  object space 217088K, 99% used [0x00000000c0000000,0x00000000cd3b3a28,0x00000000cd400000)
 Metaspace       used 62588K, committed 64000K, reserved 1114112K
  class space    used 6389K, committed 7040K, reserved 1048576K
}
Event: 35.141 GC heap after
{Heap after GC invocations=248 (full 3):
 PSYoungGen      total 3584K, used 656K [0x00000000eab00000, 0x00000000eaf80000, 0x0000000100000000)
  eden space 2560K, 0% used [0x00000000eab00000,0x00000000eab00000,0x00000000ead80000)
  from space 1024K, 64% used [0x00000000ead80000,0x00000000eae24010,0x00000000eae80000)
  to   space 1024K, 0% used [0x00000000eae80000,0x00000000eae80000,0x00000000eaf80000)
 ParOldGen       total 217600K, used 217366K [0x00000000c0000000, 0x00000000cd480000, 0x00000000eab00000)
  object space 217600K, 99% used [0x00000000c0000000,0x00000000cd445bc0,0x00000000cd480000)
 Metaspace       used 62588K, committed 64000K, reserved 1114112K
  class space    used 6389K, committed 7040K, reserved 1048576K
}
Event: 35.148 GC heap before
{Heap before GC invocations=249 (full 3):
 PSYoungGen      total 3584K, used 3216K [0x00000000eab00000, 0x00000000eaf80000, 0x0000000100000000)
  eden space 2560K, 100% used [0x00000000eab00000,0x00000000ead80000,0x00000000ead80000)
  from space 1024K, 64% used [0x00000000ead80000,0x00000000eae24010,0x00000000eae80000)
  to   space 1024K, 0% used [0x00000000eae80000,0x00000000eae80000,0x00000000eaf80000)
 ParOldGen       total 217600K, used 217366K [0x00000000c0000000, 0x00000000cd480000, 0x00000000eab00000)
  object space 217600K, 99% used [0x00000000c0000000,0x00000000cd445bc0,0x00000000cd480000)
 Metaspace       used 62636K, committed 64064K, reserved 1114112K
  class space    used 6392K, committed 7040K, reserved 1048576K
}
Event: 35.150 GC heap after
{Heap after GC invocations=249 (full 3):
 PSYoungGen      total 3584K, used 689K [0x00000000eab00000, 0x00000000eaf80000, 0x0000000100000000)
  eden space 2560K, 0% used [0x00000000eab00000,0x00000000eab00000,0x00000000ead80000)
  from space 1024K, 67% used [0x00000000eae80000,0x00000000eaf2c7b8,0x00000000eaf80000)
  to   space 1024K, 0% used [0x00000000ead80000,0x00000000ead80000,0x00000000eae80000)
 ParOldGen       total 218112K, used 217919K [0x00000000c0000000, 0x00000000cd500000, 0x00000000eab00000)
  object space 218112K, 99% used [0x00000000c0000000,0x00000000cd4cfe48,0x00000000cd500000)
 Metaspace       used 62636K, committed 64064K, reserved 1114112K
  class space    used 6392K, committed 7040K, reserved 1048576K
}
Event: 35.157 GC heap before
{Heap before GC invocations=250 (full 3):
 PSYoungGen      total 3584K, used 3249K [0x00000000eab00000, 0x00000000eaf80000, 0x0000000100000000)
  eden space 2560K, 100% used [0x00000000eab00000,0x00000000ead80000,0x00000000ead80000)
  from space 1024K, 67% used [0x00000000eae80000,0x00000000eaf2c7b8,0x00000000eaf80000)
  to   space 1024K, 0% used [0x00000000ead80000,0x00000000ead80000,0x00000000eae80000)
 ParOldGen       total 218112K, used 217919K [0x00000000c0000000, 0x00000000cd500000, 0x00000000eab00000)
  object space 218112K, 99% used [0x00000000c0000000,0x00000000cd4cfe48,0x00000000cd500000)
 Metaspace       used 62712K, committed 64128K, reserved 1114112K
  class space    used 6393K, committed 7040K, reserved 1048576K
}
Event: 35.159 GC heap after
{Heap after GC invocations=250 (full 3):
 PSYoungGen      total 3584K, used 739K [0x00000000eab00000, 0x00000000eb000000, 0x0000000100000000)
  eden space 2560K, 0% used [0x00000000eab00000,0x00000000eab00000,0x00000000ead80000)
  from space 1024K, 72% used [0x00000000ead80000,0x00000000eae38f80,0x00000000eae80000)
  to   space 1024K, 0% used [0x00000000eaf00000,0x00000000eaf00000,0x00000000eb000000)
 ParOldGen       total 218624K, used 218547K [0x00000000c0000000, 0x00000000cd580000, 0x00000000eab00000)
  object space 218624K, 99% used [0x00000000c0000000,0x00000000cd56cf38,0x00000000cd580000)
 Metaspace       used 62712K, committed 64128K, reserved 1114112K
  class space    used 6393K, committed 7040K, reserved 1048576K
}
Event: 35.168 GC heap before
{Heap before GC invocations=251 (full 3):
 PSYoungGen      total 3584K, used 3299K [0x00000000eab00000, 0x00000000eb000000, 0x0000000100000000)
  eden space 2560K, 100% used [0x00000000eab00000,0x00000000ead80000,0x00000000ead80000)
  from space 1024K, 72% used [0x00000000ead80000,0x00000000eae38f80,0x00000000eae80000)
  to   space 1024K, 0% used [0x00000000eaf00000,0x00000000eaf00000,0x00000000eb000000)
 ParOldGen       total 218624K, used 218547K [0x00000000c0000000, 0x00000000cd580000, 0x00000000eab00000)
  object space 218624K, 99% used [0x00000000c0000000,0x00000000cd56cf38,0x00000000cd580000)
 Metaspace       used 62715K, committed 64128K, reserved 1114112K
  class space    used 6394K, committed 7040K, reserved 1048576K
}
Event: 35.170 GC heap after
{Heap after GC invocations=251 (full 3):
 PSYoungGen      total 3584K, used 811K [0x00000000eab00000, 0x00000000eb000000, 0x0000000100000000)
  eden space 2560K, 0% used [0x00000000eab00000,0x00000000eab00000,0x00000000ead80000)
  from space 1024K, 79% used [0x00000000eaf00000,0x00000000eafcafd0,0x00000000eb000000)
  to   space 1024K, 0% used [0x00000000ead80000,0x00000000ead80000,0x00000000eae80000)
 ParOldGen       total 219648K, used 219165K [0x00000000c0000000, 0x00000000cd680000, 0x00000000eab00000)
  object space 219648K, 99% used [0x00000000c0000000,0x00000000cd6077c8,0x00000000cd680000)
 Metaspace       used 62715K, committed 64128K, reserved 1114112K
  class space    used 6394K, committed 7040K, reserved 1048576K
}
Event: 35.180 GC heap before
{Heap before GC invocations=252 (full 3):
 PSYoungGen      total 3584K, used 3371K [0x00000000eab00000, 0x00000000eb000000, 0x0000000100000000)
  eden space 2560K, 100% used [0x00000000eab00000,0x00000000ead80000,0x00000000ead80000)
  from space 1024K, 79% used [0x00000000eaf00000,0x00000000eafcafd0,0x00000000eb000000)
  to   space 1024K, 0% used [0x00000000ead80000,0x00000000ead80000,0x00000000eae80000)
 ParOldGen       total 219648K, used 219165K [0x00000000c0000000, 0x00000000cd680000, 0x00000000eab00000)
  object space 219648K, 99% used [0x00000000c0000000,0x00000000cd6077c8,0x00000000cd680000)
 Metaspace       used 62715K, committed 64128K, reserved 1114112K
  class space    used 6394K, committed 7040K, reserved 1048576K
}
Event: 36.191 GC heap after
{Heap after GC invocations=252 (full 3):
 PSYoungGen      total 3584K, used 659K [0x00000000eab00000, 0x00000000eb000000, 0x0000000100000000)
  eden space 2560K, 0% used [0x00000000eab00000,0x00000000eab00000,0x00000000ead80000)
  from space 1024K, 64% used [0x00000000ead80000,0x00000000eae24e68,0x00000000eae80000)
  to   space 1024K, 0% used [0x00000000eaf00000,0x00000000eaf00000,0x00000000eb000000)
 ParOldGen       total 220160K, used 219839K [0x00000000c0000000, 0x00000000cd700000, 0x00000000eab00000)
  object space 220160K, 99% used [0x00000000c0000000,0x00000000cd6afc38,0x00000000cd700000)
 Metaspace       used 62715K, committed 64128K, reserved 1114112K
  class space    used 6394K, committed 7040K, reserved 1048576K
}

