# JRE version: OpenJDK Runtime Environment Temurin-21.0.6+7 (21.0.6+7) (build 21.0.6+7-LTS)
# Java VM: OpenJDK 64-Bit Server VM Temurin-21.0.6+7 (21.0.6+7-LTS, mixed mode, sharing, tiered, compressed oops, compressed class ptrs, parallel gc, windows-amd64)
GC Precious Log:
 CardTable entry size: 512
 CPUs: 8 total, 8 available
 Memory: 8029M
 Large Page Support: Disabled
 NUMA Support: Disabled
 Compressed Oops: Enabled (32-bit)
 Alignments: Space 512K, Generation 512K, Heap 2M
 Heap Min Capacity: 100M
 Heap Initial Capacity: 100M
 Heap Max Capacity: 1G
 Pre-touch: Disabled
 Parallel Workers: 8
Heap:
 PSYoungGen      total 18432K, used 18130K [0x00000000eab00000, 0x00000000ec080000, 0x0000000100000000)
  eden space 15360K, 100% used [0x00000000eab00000,0x00000000eba00000,0x00000000eba00000)
  from space 3072K, 90% used [0x00000000ebd00000,0x00000000ebfb49b0,0x00000000ec000000)
  to   space 512K, 99% used [0x00000000ec000000,0x00000000ec07efc8,0x00000000ec080000)
 ParOldGen       total 126464K, used 126463K [0x00000000c0000000, 0x00000000c7b80000, 0x00000000eab00000)
  object space 126464K, 99% used [0x00000000c0000000,0x00000000c7b7fd98,0x00000000c7b80000)
 Metaspace       used 51364K, committed 52672K, reserved 1114112K
  class space    used 5428K, committed 5952K, reserved 1048576K
GC Heap History (20 events):
Event: 21.241 GC heap before
{Heap before GC invocations=42 (full 2):
 PSYoungGen      total 20480K, used 20281K [0x00000000eab00000, 0x00000000ec300000, 0x0000000100000000)
  eden space 16384K, 100% used [0x00000000eab00000,0x00000000ebb00000,0x00000000ebb00000)
  from space 4096K, 95% used [0x00000000ebc80000,0x00000000ec04e730,0x00000000ec080000)
  to   space 2560K, 0% used [0x00000000ec080000,0x00000000ec080000,0x00000000ec300000)
 ParOldGen       total 94720K, used 94715K [0x00000000c0000000, 0x00000000c5c80000, 0x00000000eab00000)
  object space 94720K, 99% used [0x00000000c0000000,0x00000000c5c7ee48,0x00000000c5c80000)
 Metaspace       used 48367K, committed 49664K, reserved 1114112K
  class space    used 5096K, committed 5696K, reserved 1048576K
}
Event: 21.247 GC heap after
{Heap after GC invocations=42 (full 2):
 PSYoungGen      total 16896K, used 2533K [0x00000000eab00000, 0x00000000eca00000, 0x0000000100000000)
  eden space 14336K, 0% used [0x00000000eab00000,0x00000000eab00000,0x00000000eb900000)
  from space 2560K, 98% used [0x00000000ec080000,0x00000000ec2f9668,0x00000000ec300000)
  to   space 7680K, 0% used [0x00000000eb900000,0x00000000eb900000,0x00000000ec080000)
 ParOldGen       total 99328K, used 99126K [0x00000000c0000000, 0x00000000c6100000, 0x00000000eab00000)
  object space 99328K, 99% used [0x00000000c0000000,0x00000000c60cdb98,0x00000000c6100000)
 Metaspace       used 48367K, committed 49664K, reserved 1114112K
  class space    used 5096K, committed 5696K, reserved 1048576K
}
Event: 21.735 GC heap before
{Heap before GC invocations=43 (full 2):
 PSYoungGen      total 16896K, used 16869K [0x00000000eab00000, 0x00000000eca00000, 0x0000000100000000)
  eden space 14336K, 100% used [0x00000000eab00000,0x00000000eb900000,0x00000000eb900000)
  from space 2560K, 98% used [0x00000000ec080000,0x00000000ec2f9668,0x00000000ec300000)
  to   space 7680K, 0% used [0x00000000eb900000,0x00000000eb900000,0x00000000ec080000)
 ParOldGen       total 99328K, used 99126K [0x00000000c0000000, 0x00000000c6100000, 0x00000000eab00000)
  object space 99328K, 99% used [0x00000000c0000000,0x00000000c60cdb98,0x00000000c6100000)
 Metaspace       used 48376K, committed 49664K, reserved 1114112K
  class space    used 5096K, committed 5696K, reserved 1048576K
}
Event: 21.739 GC heap after
{Heap after GC invocations=43 (full 2):
 PSYoungGen      total 17920K, used 3443K [0x00000000eab00000, 0x00000000ec300000, 0x0000000100000000)
  eden space 14336K, 0% used [0x00000000eab00000,0x00000000eab00000,0x00000000eb900000)
  from space 3584K, 96% used [0x00000000eb900000,0x00000000ebc5cf18,0x00000000ebc80000)
  to   space 5120K, 0% used [0x00000000ebe00000,0x00000000ebe00000,0x00000000ec300000)
 ParOldGen       total 101888K, used 101586K [0x00000000c0000000, 0x00000000c6380000, 0x00000000eab00000)
  object space 101888K, 99% used [0x00000000c0000000,0x00000000c63349d8,0x00000000c6380000)
 Metaspace       used 48376K, committed 49664K, reserved 1114112K
  class space    used 5096K, committed 5696K, reserved 1048576K
}
Event: 21.952 GC heap before
{Heap before GC invocations=44 (full 2):
 PSYoungGen      total 17920K, used 17779K [0x00000000eab00000, 0x00000000ec300000, 0x0000000100000000)
  eden space 14336K, 100% used [0x00000000eab00000,0x00000000eb900000,0x00000000eb900000)
  from space 3584K, 96% used [0x00000000eb900000,0x00000000ebc5cf18,0x00000000ebc80000)
  to   space 5120K, 0% used [0x00000000ebe00000,0x00000000ebe00000,0x00000000ec300000)
 ParOldGen       total 101888K, used 101586K [0x00000000c0000000, 0x00000000c6380000, 0x00000000eab00000)
  object space 101888K, 99% used [0x00000000c0000000,0x00000000c63349d8,0x00000000c6380000)
 Metaspace       used 48380K, committed 49664K, reserved 1114112K
  class space    used 5096K, committed 5696K, reserved 1048576K
}
Event: 21.956 GC heap after
{Heap after GC invocations=44 (full 2):
 PSYoungGen      total 18432K, used 3590K [0x00000000eab00000, 0x00000000ec200000, 0x0000000100000000)
  eden space 14336K, 0% used [0x00000000eab00000,0x00000000eab00000,0x00000000eb900000)
  from space 4096K, 87% used [0x00000000ebe00000,0x00000000ec181b80,0x00000000ec200000)
  to   space 4096K, 0% used [0x00000000eba00000,0x00000000eba00000,0x00000000ebe00000)
 ParOldGen       total 104960K, used 104796K [0x00000000c0000000, 0x00000000c6680000, 0x00000000eab00000)
  object space 104960K, 99% used [0x00000000c0000000,0x00000000c6657378,0x00000000c6680000)
 Metaspace       used 48380K, committed 49664K, reserved 1114112K
  class space    used 5096K, committed 5696K, reserved 1048576K
}
Event: 22.306 GC heap before
{Heap before GC invocations=45 (full 2):
 PSYoungGen      total 18432K, used 17926K [0x00000000eab00000, 0x00000000ec200000, 0x0000000100000000)
  eden space 14336K, 100% used [0x00000000eab00000,0x00000000eb900000,0x00000000eb900000)
  from space 4096K, 87% used [0x00000000ebe00000,0x00000000ec181b80,0x00000000ec200000)
  to   space 4096K, 0% used [0x00000000eba00000,0x00000000eba00000,0x00000000ebe00000)
 ParOldGen       total 104960K, used 104796K [0x00000000c0000000, 0x00000000c6680000, 0x00000000eab00000)
  object space 104960K, 99% used [0x00000000c0000000,0x00000000c6657378,0x00000000c6680000)
 Metaspace       used 48882K, committed 50176K, reserved 1114112K
  class space    used 5138K, committed 5696K, reserved 1048576K
}
Event: 22.313 GC heap after
{Heap after GC invocations=45 (full 2):
 PSYoungGen      total 17408K, used 2714K [0x00000000eab00000, 0x00000000ebf00000, 0x0000000100000000)
  eden space 14336K, 0% used [0x00000000eab00000,0x00000000eab00000,0x00000000eb900000)
  from space 3072K, 88% used [0x00000000eba00000,0x00000000ebca69d8,0x00000000ebd00000)
  to   space 2048K, 0% used [0x00000000ebd00000,0x00000000ebd00000,0x00000000ebf00000)
 ParOldGen       total 110592K, used 109927K [0x00000000c0000000, 0x00000000c6c00000, 0x00000000eab00000)
  object space 110592K, 99% used [0x00000000c0000000,0x00000000c6b59f20,0x00000000c6c00000)
 Metaspace       used 48882K, committed 50176K, reserved 1114112K
  class space    used 5138K, committed 5696K, reserved 1048576K
}
Event: 22.588 GC heap before
{Heap before GC invocations=46 (full 2):
 PSYoungGen      total 17408K, used 17050K [0x00000000eab00000, 0x00000000ebf00000, 0x0000000100000000)
  eden space 14336K, 100% used [0x00000000eab00000,0x00000000eb900000,0x00000000eb900000)
  from space 3072K, 88% used [0x00000000eba00000,0x00000000ebca69d8,0x00000000ebd00000)
  to   space 2048K, 0% used [0x00000000ebd00000,0x00000000ebd00000,0x00000000ebf00000)
 ParOldGen       total 110592K, used 109927K [0x00000000c0000000, 0x00000000c6c00000, 0x00000000eab00000)
  object space 110592K, 99% used [0x00000000c0000000,0x00000000c6b59f20,0x00000000c6c00000)
 Metaspace       used 50043K, committed 51328K, reserved 1114112K
  class space    used 5238K, committed 5824K, reserved 1048576K
}
Event: 24.611 GC heap after
{Heap after GC invocations=46 (full 2):
 PSYoungGen      total 16384K, used 2030K [0x00000000eab00000, 0x00000000ebf00000, 0x0000000100000000)
  eden space 14336K, 0% used [0x00000000eab00000,0x00000000eab00000,0x00000000eb900000)
  from space 2048K, 99% used [0x00000000ebd00000,0x00000000ebefba18,0x00000000ebf00000)
  to   space 3072K, 0% used [0x00000000eba00000,0x00000000eba00000,0x00000000ebd00000)
 ParOldGen       total 112640K, used 112224K [0x00000000c0000000, 0x00000000c6e00000, 0x00000000eab00000)
  object space 112640K, 99% used [0x00000000c0000000,0x00000000c6d98130,0x00000000c6e00000)
 Metaspace       used 50043K, committed 51328K, reserved 1114112K
  class space    used 5238K, committed 5824K, reserved 1048576K
}
Event: 24.664 GC heap before
{Heap before GC invocations=47 (full 2):
 PSYoungGen      total 16384K, used 16366K [0x00000000eab00000, 0x00000000ebf00000, 0x0000000100000000)
  eden space 14336K, 100% used [0x00000000eab00000,0x00000000eb900000,0x00000000eb900000)
  from space 2048K, 99% used [0x00000000ebd00000,0x00000000ebefba18,0x00000000ebf00000)
  to   space 3072K, 0% used [0x00000000eba00000,0x00000000eba00000,0x00000000ebd00000)
 ParOldGen       total 112640K, used 112224K [0x00000000c0000000, 0x00000000c6e00000, 0x00000000eab00000)
  object space 112640K, 99% used [0x00000000c0000000,0x00000000c6d98130,0x00000000c6e00000)
 Metaspace       used 50335K, committed 51584K, reserved 1114112K
  class space    used 5280K, committed 5824K, reserved 1048576K
}
Event: 24.668 GC heap after
{Heap after GC invocations=47 (full 2):
 PSYoungGen      total 17408K, used 3065K [0x00000000eab00000, 0x00000000ec400000, 0x0000000100000000)
  eden space 14336K, 0% used [0x00000000eab00000,0x00000000eab00000,0x00000000eb900000)
  from space 3072K, 99% used [0x00000000eba00000,0x00000000ebcfe5e0,0x00000000ebd00000)
  to   space 5632K, 0% used [0x00000000ebe80000,0x00000000ebe80000,0x00000000ec400000)
 ParOldGen       total 114688K, used 114188K [0x00000000c0000000, 0x00000000c7000000, 0x00000000eab00000)
  object space 114688K, 99% used [0x00000000c0000000,0x00000000c6f831e0,0x00000000c7000000)
 Metaspace       used 50335K, committed 51584K, reserved 1114112K
  class space    used 5280K, committed 5824K, reserved 1048576K
}
Event: 24.811 GC heap before
{Heap before GC invocations=48 (full 2):
 PSYoungGen      total 17408K, used 17401K [0x00000000eab00000, 0x00000000ec400000, 0x0000000100000000)
  eden space 14336K, 100% used [0x00000000eab00000,0x00000000eb900000,0x00000000eb900000)
  from space 3072K, 99% used [0x00000000eba00000,0x00000000ebcfe5e0,0x00000000ebd00000)
  to   space 5632K, 0% used [0x00000000ebe80000,0x00000000ebe80000,0x00000000ec400000)
 ParOldGen       total 114688K, used 114188K [0x00000000c0000000, 0x00000000c7000000, 0x00000000eab00000)
  object space 114688K, 99% used [0x00000000c0000000,0x00000000c6f831e0,0x00000000c7000000)
 Metaspace       used 50499K, committed 51712K, reserved 1114112K
  class space    used 5287K, committed 5824K, reserved 1048576K
}
Event: 24.817 GC heap after
{Heap after GC invocations=48 (full 2):
 PSYoungGen      total 17920K, used 3314K [0x00000000eab00000, 0x00000000ec200000, 0x0000000100000000)
  eden space 14336K, 0% used [0x00000000eab00000,0x00000000eab00000,0x00000000eb900000)
  from space 3584K, 92% used [0x00000000ebe80000,0x00000000ec1bc878,0x00000000ec200000)
  to   space 4096K, 0% used [0x00000000eba00000,0x00000000eba00000,0x00000000ebe00000)
 ParOldGen       total 117248K, used 117093K [0x00000000c0000000, 0x00000000c7280000, 0x00000000eab00000)
  object space 117248K, 99% used [0x00000000c0000000,0x00000000c72595a8,0x00000000c7280000)
 Metaspace       used 50499K, committed 51712K, reserved 1114112K
  class space    used 5287K, committed 5824K, reserved 1048576K
}
Event: 24.948 GC heap before
{Heap before GC invocations=49 (full 2):
 PSYoungGen      total 17920K, used 17650K [0x00000000eab00000, 0x00000000ec200000, 0x0000000100000000)
  eden space 14336K, 100% used [0x00000000eab00000,0x00000000eb900000,0x00000000eb900000)
  from space 3584K, 92% used [0x00000000ebe80000,0x00000000ec1bc878,0x00000000ec200000)
  to   space 4096K, 0% used [0x00000000eba00000,0x00000000eba00000,0x00000000ebe00000)
 ParOldGen       total 117248K, used 117093K [0x00000000c0000000, 0x00000000c7280000, 0x00000000eab00000)
  object space 117248K, 99% used [0x00000000c0000000,0x00000000c72595a8,0x00000000c7280000)
 Metaspace       used 50879K, committed 52160K, reserved 1114112K
  class space    used 5338K, committed 5888K, reserved 1048576K
}
Event: 25.955 GC heap after
{Heap after GC invocations=49 (full 2):
 PSYoungGen      total 19456K, used 2984K [0x00000000eab00000, 0x00000000ec380000, 0x0000000100000000)
  eden space 15360K, 0% used [0x00000000eab00000,0x00000000eab00000,0x00000000eba00000)
  from space 4096K, 72% used [0x00000000eba00000,0x00000000ebcea020,0x00000000ebe00000)
  to   space 3584K, 0% used [0x00000000ec000000,0x00000000ec000000,0x00000000ec380000)
 ParOldGen       total 120320K, used 120088K [0x00000000c0000000, 0x00000000c7580000, 0x00000000eab00000)
  object space 120320K, 99% used [0x00000000c0000000,0x00000000c75462a0,0x00000000c7580000)
 Metaspace       used 50879K, committed 52160K, reserved 1114112K
  class space    used 5338K, committed 5888K, reserved 1048576K
}
Event: 27.364 GC heap before
{Heap before GC invocations=50 (full 2):
 PSYoungGen      total 19456K, used 18344K [0x00000000eab00000, 0x00000000ec380000, 0x0000000100000000)
  eden space 15360K, 100% used [0x00000000eab00000,0x00000000eba00000,0x00000000eba00000)
  from space 4096K, 72% used [0x00000000eba00000,0x00000000ebcea020,0x00000000ebe00000)
  to   space 3584K, 0% used [0x00000000ec000000,0x00000000ec000000,0x00000000ec380000)
 ParOldGen       total 120320K, used 120088K [0x00000000c0000000, 0x00000000c7580000, 0x00000000eab00000)
  object space 120320K, 99% used [0x00000000c0000000,0x00000000c75462a0,0x00000000c7580000)
 Metaspace       used 51254K, committed 52608K, reserved 1114112K
  class space    used 5391K, committed 5952K, reserved 1048576K
}
Event: 27.369 GC heap after
{Heap after GC invocations=50 (full 2):
 PSYoungGen      total 18432K, used 2866K [0x00000000eab00000, 0x00000000ec300000, 0x0000000100000000)
  eden space 15360K, 0% used [0x00000000eab00000,0x00000000eab00000,0x00000000eba00000)
  from space 3072K, 93% used [0x00000000ec000000,0x00000000ec2ccbb8,0x00000000ec300000)
  to   space 3072K, 0% used [0x00000000ebd00000,0x00000000ebd00000,0x00000000ec000000)
 ParOldGen       total 123392K, used 122893K [0x00000000c0000000, 0x00000000c7880000, 0x00000000eab00000)
  object space 123392K, 99% used [0x00000000c0000000,0x00000000c7803430,0x00000000c7880000)
 Metaspace       used 51254K, committed 52608K, reserved 1114112K
  class space    used 5391K, committed 5952K, reserved 1048576K
}
Event: 28.474 GC heap before
{Heap before GC invocations=51 (full 2):
 PSYoungGen      total 18432K, used 18226K [0x00000000eab00000, 0x00000000ec300000, 0x0000000100000000)
  eden space 15360K, 100% used [0x00000000eab00000,0x00000000eba00000,0x00000000eba00000)
  from space 3072K, 93% used [0x00000000ec000000,0x00000000ec2ccbb8,0x00000000ec300000)
  to   space 3072K, 0% used [0x00000000ebd00000,0x00000000ebd00000,0x00000000ec000000)
 ParOldGen       total 123392K, used 122893K [0x00000000c0000000, 0x00000000c7880000, 0x00000000eab00000)
  object space 123392K, 99% used [0x00000000c0000000,0x00000000c7803430,0x00000000c7880000)
 Metaspace       used 51303K, committed 52608K, reserved 1114112K
  class space    used 5411K, committed 5952K, reserved 1048576K
}
Event: 28.480 GC heap after
{Heap after GC invocations=51 (full 2):
 PSYoungGen      total 18432K, used 2770K [0x00000000eab00000, 0x00000000ec080000, 0x0000000100000000)
  eden space 15360K, 0% used [0x00000000eab00000,0x00000000eab00000,0x00000000eba00000)
  from space 3072K, 90% used [0x00000000ebd00000,0x00000000ebfb49b0,0x00000000ec000000)
  to   space 512K, 0% used [0x00000000ec000000,0x00000000ec000000,0x00000000ec080000)
 ParOldGen       total 125952K, used 125509K [0x00000000c0000000, 0x00000000c7b00000, 0x00000000eab00000)
  object space 125952K, 99% used [0x00000000c0000000,0x00000000c7a91758,0x00000000c7b00000)
 Metaspace       used 51303K, committed 52608K, reserved 1114112K
  class space    used 5411K, committed 5952K, reserved 1048576K
}

