# JRE version: OpenJDK Runtime Environment Temurin-21.0.6+7 (21.0.6+7) (build 21.0.6+7-LTS)
# Java VM: OpenJDK 64-Bit Server VM Temurin-21.0.6+7 (21.0.6+7-LTS, mixed mode, sharing, tiered, compressed oops, compressed class ptrs, parallel gc, windows-amd64)
GC Precious Log:
 CardTable entry size: 512
 CPUs: 8 total, 8 available
 Memory: 8029M
 Large Page Support: Disabled
 NUMA Support: Disabled
 Compressed Oops: Enabled (32-bit)
 Alignments: Space 512K, Generation 512K, Heap 2M
 Heap Min Capacity: 100M
 Heap Initial Capacity: 100M
 Heap Max Capacity: 1G
 Pre-touch: Disabled
 Parallel Workers: 8
Heap:
 PSYoungGen      total 17408K, used 17378K [0x00000000eab00000, 0x00000000ec680000, 0x0000000100000000)
  eden space 11776K, 100% used [0x00000000eab00000,0x00000000eb680000,0x00000000eb680000)
  from space 5632K, 99% used [0x00000000ec100000,0x00000000ec678858,0x00000000ec680000)
  to   space 6656K, 84% used [0x00000000eb980000,0x00000000ebf01d48,0x00000000ec000000)
 ParOldGen       total 315392K, used 303828K [0x00000000c0000000, 0x00000000d3400000, 0x00000000eab00000)
  object space 315392K, 96% used [0x00000000c0000000,0x00000000d28b5398,0x00000000d3400000)
 Metaspace       used 63080K, committed 64576K, reserved 1114112K
  class space    used 6467K, committed 7104K, reserved 1048576K
GC Heap History (20 events):
Event: 18.609 GC heap before
{Heap before GC invocations=388 (full 3):
 PSYoungGen      total 7168K, used 6770K [0x00000000eab00000, 0x00000000eb400000, 0x0000000100000000)
  eden space 5120K, 100% used [0x00000000eab00000,0x00000000eb000000,0x00000000eb000000)
  from space 2048K, 80% used [0x00000000eb200000,0x00000000eb39c848,0x00000000eb400000)
  to   space 2048K, 0% used [0x00000000eb000000,0x00000000eb000000,0x00000000eb200000)
 ParOldGen       total 317952K, used 317611K [0x00000000c0000000, 0x00000000d3680000, 0x00000000eab00000)
  object space 317952K, 99% used [0x00000000c0000000,0x00000000d362ac40,0x00000000d3680000)
 Metaspace       used 62240K, committed 63616K, reserved 1114112K
  class space    used 6384K, committed 6976K, reserved 1048576K
}
Event: 19.615 GC heap after
{Heap after GC invocations=388 (full 3):
 PSYoungGen      total 7168K, used 1969K [0x00000000eab00000, 0x00000000eb500000, 0x0000000100000000)
  eden space 5120K, 0% used [0x00000000eab00000,0x00000000eab00000,0x00000000eb000000)
  from space 2048K, 96% used [0x00000000eb000000,0x00000000eb1ec450,0x00000000eb200000)
  to   space 2048K, 0% used [0x00000000eb300000,0x00000000eb300000,0x00000000eb500000)
 ParOldGen       total 319488K, used 319113K [0x00000000c0000000, 0x00000000d3800000, 0x00000000eab00000)
  object space 319488K, 99% used [0x00000000c0000000,0x00000000d37a27f0,0x00000000d3800000)
 Metaspace       used 62240K, committed 63616K, reserved 1114112K
  class space    used 6384K, committed 6976K, reserved 1048576K
}
Event: 19.628 GC heap before
{Heap before GC invocations=389 (full 3):
 PSYoungGen      total 7168K, used 7089K [0x00000000eab00000, 0x00000000eb500000, 0x0000000100000000)
  eden space 5120K, 100% used [0x00000000eab00000,0x00000000eb000000,0x00000000eb000000)
  from space 2048K, 96% used [0x00000000eb000000,0x00000000eb1ec450,0x00000000eb200000)
  to   space 2048K, 0% used [0x00000000eb300000,0x00000000eb300000,0x00000000eb500000)
 ParOldGen       total 319488K, used 319113K [0x00000000c0000000, 0x00000000d3800000, 0x00000000eab00000)
  object space 319488K, 99% used [0x00000000c0000000,0x00000000d37a27f0,0x00000000d3800000)
 Metaspace       used 62243K, committed 63616K, reserved 1114112K
  class space    used 6384K, committed 6976K, reserved 1048576K
}
Event: 19.631 GC heap after
{Heap after GC invocations=389 (full 3):
 PSYoungGen      total 8192K, used 1970K [0x00000000eab00000, 0x00000000eb500000, 0x0000000100000000)
  eden space 6144K, 0% used [0x00000000eab00000,0x00000000eab00000,0x00000000eb100000)
  from space 2048K, 96% used [0x00000000eb300000,0x00000000eb4ecba8,0x00000000eb500000)
  to   space 2048K, 0% used [0x00000000eb100000,0x00000000eb100000,0x00000000eb300000)
 ParOldGen       total 321024K, used 321002K [0x00000000c0000000, 0x00000000d3980000, 0x00000000eab00000)
  object space 321024K, 99% used [0x00000000c0000000,0x00000000d397a918,0x00000000d3980000)
 Metaspace       used 62243K, committed 63616K, reserved 1114112K
  class space    used 6384K, committed 6976K, reserved 1048576K
}
Event: 19.642 GC heap before
{Heap before GC invocations=390 (full 3):
 PSYoungGen      total 8192K, used 8108K [0x00000000eab00000, 0x00000000eb500000, 0x0000000100000000)
  eden space 6144K, 99% used [0x00000000eab00000,0x00000000eb0fe730,0x00000000eb100000)
  from space 2048K, 96% used [0x00000000eb300000,0x00000000eb4ecba8,0x00000000eb500000)
  to   space 2048K, 0% used [0x00000000eb100000,0x00000000eb100000,0x00000000eb300000)
 ParOldGen       total 321024K, used 321002K [0x00000000c0000000, 0x00000000d3980000, 0x00000000eab00000)
  object space 321024K, 99% used [0x00000000c0000000,0x00000000d397a918,0x00000000d3980000)
 Metaspace       used 62243K, committed 63616K, reserved 1114112K
  class space    used 6384K, committed 6976K, reserved 1048576K
}
Event: 20.653 GC heap after
{Heap after GC invocations=390 (full 3):
 PSYoungGen      total 8192K, used 2018K [0x00000000eab00000, 0x00000000ebc80000, 0x0000000100000000)
  eden space 6144K, 0% used [0x00000000eab00000,0x00000000eab00000,0x00000000eb100000)
  from space 2048K, 98% used [0x00000000eb100000,0x00000000eb2f89b0,0x00000000eb300000)
  to   space 5120K, 0% used [0x00000000eb780000,0x00000000eb780000,0x00000000ebc80000)
 ParOldGen       total 323584K, used 323207K [0x00000000c0000000, 0x00000000d3c00000, 0x00000000eab00000)
  object space 323584K, 99% used [0x00000000c0000000,0x00000000d3ba1f48,0x00000000d3c00000)
 Metaspace       used 62243K, committed 63616K, reserved 1114112K
  class space    used 6384K, committed 6976K, reserved 1048576K
}
Event: 20.674 GC heap before
{Heap before GC invocations=391 (full 3):
 PSYoungGen      total 8192K, used 8162K [0x00000000eab00000, 0x00000000ebc80000, 0x0000000100000000)
  eden space 6144K, 100% used [0x00000000eab00000,0x00000000eb100000,0x00000000eb100000)
  from space 2048K, 98% used [0x00000000eb100000,0x00000000eb2f89b0,0x00000000eb300000)
  to   space 5120K, 0% used [0x00000000eb780000,0x00000000eb780000,0x00000000ebc80000)
 ParOldGen       total 323584K, used 323207K [0x00000000c0000000, 0x00000000d3c00000, 0x00000000eab00000)
  object space 323584K, 99% used [0x00000000c0000000,0x00000000d3ba1f48,0x00000000d3c00000)
 Metaspace       used 62243K, committed 63616K, reserved 1114112K
  class space    used 6384K, committed 6976K, reserved 1048576K
}
Event: 24.701 GC heap after
{Heap after GC invocations=391 (full 3):
 PSYoungGen      total 8192K, used 8162K [0x00000000eab00000, 0x00000000ebc80000, 0x0000000100000000)
  eden space 6144K, 100% used [0x00000000eab00000,0x00000000eb100000,0x00000000eb100000)
  from space 2048K, 98% used [0x00000000eb100000,0x00000000eb2f89b0,0x00000000eb300000)
  to   space 5120K, 48% used [0x00000000eb780000,0x00000000eb9e95a0,0x00000000ebc80000)
 ParOldGen       total 325120K, used 324893K [0x00000000c0000000, 0x00000000d3d80000, 0x00000000eab00000)
  object space 325120K, 99% used [0x00000000c0000000,0x00000000d3d476e0,0x00000000d3d80000)
 Metaspace       used 62243K, committed 63616K, reserved 1114112K
  class space    used 6384K, committed 6976K, reserved 1048576K
}
Event: 24.701 GC heap before
{Heap before GC invocations=392 (full 4):
 PSYoungGen      total 8192K, used 8162K [0x00000000eab00000, 0x00000000ebc80000, 0x0000000100000000)
  eden space 6144K, 100% used [0x00000000eab00000,0x00000000eb100000,0x00000000eb100000)
  from space 2048K, 98% used [0x00000000eb100000,0x00000000eb2f89b0,0x00000000eb300000)
  to   space 5120K, 48% used [0x00000000eb780000,0x00000000eb9e95a0,0x00000000ebc80000)
 ParOldGen       total 325120K, used 324893K [0x00000000c0000000, 0x00000000d3d80000, 0x00000000eab00000)
  object space 325120K, 99% used [0x00000000c0000000,0x00000000d3d476e0,0x00000000d3d80000)
 Metaspace       used 62243K, committed 63616K, reserved 1114112K
  class space    used 6384K, committed 6976K, reserved 1048576K
}
Event: 24.890 GC heap after
{Heap after GC invocations=392 (full 4):
 PSYoungGen      total 12800K, used 0K [0x00000000eab00000, 0x00000000ebc80000, 0x0000000100000000)
  eden space 7680K, 0% used [0x00000000eab00000,0x00000000eab00000,0x00000000eb280000)
  from space 5120K, 0% used [0x00000000eb780000,0x00000000eb780000,0x00000000ebc80000)
  to   space 5120K, 0% used [0x00000000eb280000,0x00000000eb280000,0x00000000eb780000)
 ParOldGen       total 315392K, used 286482K [0x00000000c0000000, 0x00000000d3400000, 0x00000000eab00000)
  object space 315392K, 90% used [0x00000000c0000000,0x00000000d17c4be0,0x00000000d3400000)
 Metaspace       used 62238K, committed 63616K, reserved 1114112K
  class space    used 6383K, committed 6976K, reserved 1048576K
}
Event: 24.906 GC heap before
{Heap before GC invocations=393 (full 4):
 PSYoungGen      total 12800K, used 7680K [0x00000000eab00000, 0x00000000ebc80000, 0x0000000100000000)
  eden space 7680K, 100% used [0x00000000eab00000,0x00000000eb280000,0x00000000eb280000)
  from space 5120K, 0% used [0x00000000eb780000,0x00000000eb780000,0x00000000ebc80000)
  to   space 5120K, 0% used [0x00000000eb280000,0x00000000eb280000,0x00000000eb780000)
 ParOldGen       total 315392K, used 286482K [0x00000000c0000000, 0x00000000d3400000, 0x00000000eab00000)
  object space 315392K, 90% used [0x00000000c0000000,0x00000000d17c4be0,0x00000000d3400000)
 Metaspace       used 62238K, committed 63616K, reserved 1114112K
  class space    used 6383K, committed 6976K, reserved 1048576K
}
Event: 24.908 GC heap after
{Heap after GC invocations=393 (full 4):
 PSYoungGen      total 12800K, used 3078K [0x00000000eab00000, 0x00000000ebb00000, 0x0000000100000000)
  eden space 7680K, 0% used [0x00000000eab00000,0x00000000eab00000,0x00000000eb280000)
  from space 5120K, 60% used [0x00000000eb280000,0x00000000eb581a18,0x00000000eb780000)
  to   space 3584K, 0% used [0x00000000eb780000,0x00000000eb780000,0x00000000ebb00000)
 ParOldGen       total 315392K, used 286482K [0x00000000c0000000, 0x00000000d3400000, 0x00000000eab00000)
  object space 315392K, 90% used [0x00000000c0000000,0x00000000d17c4be0,0x00000000d3400000)
 Metaspace       used 62238K, committed 63616K, reserved 1114112K
  class space    used 6383K, committed 6976K, reserved 1048576K
}
Event: 24.915 GC heap before
{Heap before GC invocations=394 (full 4):
 PSYoungGen      total 12800K, used 10701K [0x00000000eab00000, 0x00000000ebb00000, 0x0000000100000000)
  eden space 7680K, 99% used [0x00000000eab00000,0x00000000eb271cc0,0x00000000eb280000)
  from space 5120K, 60% used [0x00000000eb280000,0x00000000eb581a18,0x00000000eb780000)
  to   space 3584K, 0% used [0x00000000eb780000,0x00000000eb780000,0x00000000ebb00000)
 ParOldGen       total 315392K, used 286482K [0x00000000c0000000, 0x00000000d3400000, 0x00000000eab00000)
  object space 315392K, 90% used [0x00000000c0000000,0x00000000d17c4be0,0x00000000d3400000)
 Metaspace       used 62238K, committed 63616K, reserved 1114112K
  class space    used 6383K, committed 6976K, reserved 1048576K
}
Event: 24.917 GC heap after
{Heap after GC invocations=394 (full 4):
 PSYoungGen      total 12800K, used 3223K [0x00000000eab00000, 0x00000000ebb00000, 0x0000000100000000)
  eden space 9216K, 0% used [0x00000000eab00000,0x00000000eab00000,0x00000000eb400000)
  from space 3584K, 89% used [0x00000000eb780000,0x00000000ebaa5ee8,0x00000000ebb00000)
  to   space 3584K, 0% used [0x00000000eb400000,0x00000000eb400000,0x00000000eb780000)
 ParOldGen       total 315392K, used 289461K [0x00000000c0000000, 0x00000000d3400000, 0x00000000eab00000)
  object space 315392K, 91% used [0x00000000c0000000,0x00000000d1aad540,0x00000000d3400000)
 Metaspace       used 62238K, committed 63616K, reserved 1114112K
  class space    used 6383K, committed 6976K, reserved 1048576K
}
Event: 24.929 GC heap before
{Heap before GC invocations=395 (full 4):
 PSYoungGen      total 12800K, used 12409K [0x00000000eab00000, 0x00000000ebb00000, 0x0000000100000000)
  eden space 9216K, 99% used [0x00000000eab00000,0x00000000eb3f86f8,0x00000000eb400000)
  from space 3584K, 89% used [0x00000000eb780000,0x00000000ebaa5ee8,0x00000000ebb00000)
  to   space 3584K, 0% used [0x00000000eb400000,0x00000000eb400000,0x00000000eb780000)
 ParOldGen       total 315392K, used 289461K [0x00000000c0000000, 0x00000000d3400000, 0x00000000eab00000)
  object space 315392K, 91% used [0x00000000c0000000,0x00000000d1aad540,0x00000000d3400000)
 Metaspace       used 62238K, committed 63616K, reserved 1114112K
  class space    used 6383K, committed 6976K, reserved 1048576K
}
Event: 24.932 GC heap after
{Heap after GC invocations=395 (full 4):
 PSYoungGen      total 12800K, used 3298K [0x00000000eab00000, 0x00000000ebd00000, 0x0000000100000000)
  eden space 9216K, 0% used [0x00000000eab00000,0x00000000eab00000,0x00000000eb400000)
  from space 3584K, 92% used [0x00000000eb400000,0x00000000eb738a48,0x00000000eb780000)
  to   space 3584K, 0% used [0x00000000eb980000,0x00000000eb980000,0x00000000ebd00000)
 ParOldGen       total 315392K, used 292485K [0x00000000c0000000, 0x00000000d3400000, 0x00000000eab00000)
  object space 315392K, 92% used [0x00000000c0000000,0x00000000d1da1450,0x00000000d3400000)
 Metaspace       used 62238K, committed 63616K, reserved 1114112K
  class space    used 6383K, committed 6976K, reserved 1048576K
}
Event: 25.034 GC heap before
{Heap before GC invocations=396 (full 4):
 PSYoungGen      total 12800K, used 12514K [0x00000000eab00000, 0x00000000ebd00000, 0x0000000100000000)
  eden space 9216K, 99% used [0x00000000eab00000,0x00000000eb3fffd8,0x00000000eb400000)
  from space 3584K, 92% used [0x00000000eb400000,0x00000000eb738a48,0x00000000eb780000)
  to   space 3584K, 0% used [0x00000000eb980000,0x00000000eb980000,0x00000000ebd00000)
 ParOldGen       total 315392K, used 292485K [0x00000000c0000000, 0x00000000d3400000, 0x00000000eab00000)
  object space 315392K, 92% used [0x00000000c0000000,0x00000000d1da1450,0x00000000d3400000)
 Metaspace       used 62255K, committed 63616K, reserved 1114112K
  class space    used 6384K, committed 6976K, reserved 1048576K
}
Event: 25.037 GC heap after
{Heap after GC invocations=396 (full 4):
 PSYoungGen      total 13312K, used 1549K [0x00000000eab00000, 0x00000000ebb80000, 0x0000000100000000)
  eden space 11264K, 0% used [0x00000000eab00000,0x00000000eab00000,0x00000000eb600000)
  from space 2048K, 75% used [0x00000000eb980000,0x00000000ebb03570,0x00000000ebb80000)
  to   space 2560K, 0% used [0x00000000eb680000,0x00000000eb680000,0x00000000eb900000)
 ParOldGen       total 315392K, used 295605K [0x00000000c0000000, 0x00000000d3400000, 0x00000000eab00000)
  object space 315392K, 93% used [0x00000000c0000000,0x00000000d20ad620,0x00000000d3400000)
 Metaspace       used 62255K, committed 63616K, reserved 1114112K
  class space    used 6384K, committed 6976K, reserved 1048576K
}
Event: 25.141 GC heap before
{Heap before GC invocations=397 (full 4):
 PSYoungGen      total 13312K, used 12648K [0x00000000eab00000, 0x00000000ebb80000, 0x0000000100000000)
  eden space 11264K, 98% used [0x00000000eab00000,0x00000000eb5d6c48,0x00000000eb600000)
  from space 2048K, 75% used [0x00000000eb980000,0x00000000ebb03570,0x00000000ebb80000)
  to   space 2560K, 0% used [0x00000000eb680000,0x00000000eb680000,0x00000000eb900000)
 ParOldGen       total 315392K, used 295605K [0x00000000c0000000, 0x00000000d3400000, 0x00000000eab00000)
  object space 315392K, 93% used [0x00000000c0000000,0x00000000d20ad620,0x00000000d3400000)
 Metaspace       used 62323K, committed 63744K, reserved 1114112K
  class space    used 6397K, committed 6976K, reserved 1048576K
}
Event: 25.146 GC heap after
{Heap after GC invocations=397 (full 4):
 PSYoungGen      total 14336K, used 2544K [0x00000000eab00000, 0x00000000ec980000, 0x0000000100000000)
  eden space 11776K, 0% used [0x00000000eab00000,0x00000000eab00000,0x00000000eb680000)
  from space 2560K, 99% used [0x00000000eb680000,0x00000000eb8fc000,0x00000000eb900000)
  to   space 8704K, 0% used [0x00000000ec100000,0x00000000ec100000,0x00000000ec980000)
 ParOldGen       total 315392K, used 300312K [0x00000000c0000000, 0x00000000d3400000, 0x00000000eab00000)
  object space 315392K, 95% used [0x00000000c0000000,0x00000000d25463f0,0x00000000d3400000)
 Metaspace       used 62323K, committed 63744K, reserved 1114112K
  class space    used 6397K, committed 6976K, reserved 1048576K
}

