# JRE version: OpenJDK Runtime Environment Temurin-21.0.6+7 (21.0.6+7) (build 21.0.6+7-LTS)
# Java VM: OpenJDK 64-Bit Server VM Temurin-21.0.6+7 (21.0.6+7-LTS, mixed mode, sharing, tiered, compressed oops, compressed class ptrs, parallel gc, windows-amd64)
GC Precious Log:
 CardTable entry size: 512
 CPUs: 8 total, 8 available
 Memory: 8029M
 Large Page Support: Disabled
 NUMA Support: Disabled
 Compressed Oops: Enabled (32-bit)
 Alignments: Space 512K, Generation 512K, Heap 2M
 Heap Min Capacity: 100M
 Heap Initial Capacity: 100M
 Heap Max Capacity: 1G
 Pre-touch: Disabled
 Parallel Workers: 8
Heap:
 PSYoungGen      total 4096K, used 3571K [0x00000000eab00000, 0x00000000eb100000, 0x0000000100000000)
  eden space 3072K, 89% used [0x00000000eab00000,0x00000000eadb13f0,0x00000000eae00000)
  from space 1024K, 79% used [0x00000000eae00000,0x00000000eaecb868,0x00000000eaf00000)
  to   space 1024K, 0% used [0x00000000eb000000,0x00000000eb000000,0x00000000eb100000)
 ParOldGen       total 194048K, used 193753K [0x00000000c0000000, 0x00000000cbd80000, 0x00000000eab00000)
  object space 194048K, 99% used [0x00000000c0000000,0x00000000cbd364e8,0x00000000cbd80000)
 Metaspace       used 62307K, committed 63808K, reserved 1114112K
  class space    used 6390K, committed 7104K, reserved 1048576K
GC Heap History (20 events):
Event: 18.233 GC heap after
{Heap after GC invocations=284 (full 3):
 PSYoungGen      total 3072K, used 559K [0x00000000eab00000, 0x00000000eaf00000, 0x0000000100000000)
  eden space 2048K, 0% used [0x00000000eab00000,0x00000000eab00000,0x00000000ead00000)
  from space 1024K, 54% used [0x00000000ead00000,0x00000000ead8beb0,0x00000000eae00000)
  to   space 1024K, 0% used [0x00000000eae00000,0x00000000eae00000,0x00000000eaf00000)
 ParOldGen       total 183808K, used 183354K [0x00000000c0000000, 0x00000000cb380000, 0x00000000eab00000)
  object space 183808K, 99% used [0x00000000c0000000,0x00000000cb30e818,0x00000000cb380000)
 Metaspace       used 62287K, committed 63808K, reserved 1114112K
  class space    used 6390K, committed 7104K, reserved 1048576K
}
Event: 18.248 GC heap before
{Heap before GC invocations=285 (full 3):
 PSYoungGen      total 3072K, used 2607K [0x00000000eab00000, 0x00000000eaf00000, 0x0000000100000000)
  eden space 2048K, 100% used [0x00000000eab00000,0x00000000ead00000,0x00000000ead00000)
  from space 1024K, 54% used [0x00000000ead00000,0x00000000ead8beb0,0x00000000eae00000)
  to   space 1024K, 0% used [0x00000000eae00000,0x00000000eae00000,0x00000000eaf00000)
 ParOldGen       total 183808K, used 183354K [0x00000000c0000000, 0x00000000cb380000, 0x00000000eab00000)
  object space 183808K, 99% used [0x00000000c0000000,0x00000000cb30e818,0x00000000cb380000)
 Metaspace       used 62290K, committed 63808K, reserved 1114112K
  class space    used 6390K, committed 7104K, reserved 1048576K
}
Event: 18.250 GC heap after
{Heap after GC invocations=285 (full 3):
 PSYoungGen      total 3072K, used 634K [0x00000000eab00000, 0x00000000eaf00000, 0x0000000100000000)
  eden space 2048K, 0% used [0x00000000eab00000,0x00000000eab00000,0x00000000ead00000)
  from space 1024K, 61% used [0x00000000eae00000,0x00000000eae9e850,0x00000000eaf00000)
  to   space 1024K, 0% used [0x00000000ead00000,0x00000000ead00000,0x00000000eae00000)
 ParOldGen       total 184320K, used 183828K [0x00000000c0000000, 0x00000000cb400000, 0x00000000eab00000)
  object space 184320K, 99% used [0x00000000c0000000,0x00000000cb3850b0,0x00000000cb400000)
 Metaspace       used 62290K, committed 63808K, reserved 1114112K
  class space    used 6390K, committed 7104K, reserved 1048576K
}
Event: 18.266 GC heap before
{Heap before GC invocations=286 (full 3):
 PSYoungGen      total 3072K, used 2682K [0x00000000eab00000, 0x00000000eaf00000, 0x0000000100000000)
  eden space 2048K, 100% used [0x00000000eab00000,0x00000000ead00000,0x00000000ead00000)
  from space 1024K, 61% used [0x00000000eae00000,0x00000000eae9e850,0x00000000eaf00000)
  to   space 1024K, 0% used [0x00000000ead00000,0x00000000ead00000,0x00000000eae00000)
 ParOldGen       total 184320K, used 183828K [0x00000000c0000000, 0x00000000cb400000, 0x00000000eab00000)
  object space 184320K, 99% used [0x00000000c0000000,0x00000000cb3850b0,0x00000000cb400000)
 Metaspace       used 62295K, committed 63808K, reserved 1114112K
  class space    used 6390K, committed 7104K, reserved 1048576K
}
Event: 18.352 GC heap after
{Heap after GC invocations=286 (full 3):
 PSYoungGen      total 3072K, used 584K [0x00000000eab00000, 0x00000000eaf80000, 0x0000000100000000)
  eden space 2048K, 0% used [0x00000000eab00000,0x00000000eab00000,0x00000000ead00000)
  from space 1024K, 57% used [0x00000000ead00000,0x00000000ead921a0,0x00000000eae00000)
  to   space 1024K, 0% used [0x00000000eae80000,0x00000000eae80000,0x00000000eaf80000)
 ParOldGen       total 184832K, used 184366K [0x00000000c0000000, 0x00000000cb480000, 0x00000000eab00000)
  object space 184832K, 99% used [0x00000000c0000000,0x00000000cb40b9f8,0x00000000cb480000)
 Metaspace       used 62295K, committed 63808K, reserved 1114112K
  class space    used 6390K, committed 7104K, reserved 1048576K
}
Event: 18.362 GC heap before
{Heap before GC invocations=287 (full 3):
 PSYoungGen      total 3072K, used 2589K [0x00000000eab00000, 0x00000000eaf80000, 0x0000000100000000)
  eden space 2048K, 97% used [0x00000000eab00000,0x00000000eacf55e8,0x00000000ead00000)
  from space 1024K, 57% used [0x00000000ead00000,0x00000000ead921a0,0x00000000eae00000)
  to   space 1024K, 0% used [0x00000000eae80000,0x00000000eae80000,0x00000000eaf80000)
 ParOldGen       total 184832K, used 184366K [0x00000000c0000000, 0x00000000cb480000, 0x00000000eab00000)
  object space 184832K, 99% used [0x00000000c0000000,0x00000000cb40b9f8,0x00000000cb480000)
 Metaspace       used 62295K, committed 63808K, reserved 1114112K
  class space    used 6390K, committed 7104K, reserved 1048576K
}
Event: 18.364 GC heap after
{Heap after GC invocations=287 (full 3):
 PSYoungGen      total 3584K, used 581K [0x00000000eab00000, 0x00000000eaf80000, 0x0000000100000000)
  eden space 2560K, 0% used [0x00000000eab00000,0x00000000eab00000,0x00000000ead80000)
  from space 1024K, 56% used [0x00000000eae80000,0x00000000eaf11750,0x00000000eaf80000)
  to   space 1024K, 0% used [0x00000000ead80000,0x00000000ead80000,0x00000000eae80000)
 ParOldGen       total 185344K, used 184857K [0x00000000c0000000, 0x00000000cb500000, 0x00000000eab00000)
  object space 185344K, 99% used [0x00000000c0000000,0x00000000cb486548,0x00000000cb500000)
 Metaspace       used 62295K, committed 63808K, reserved 1114112K
  class space    used 6390K, committed 7104K, reserved 1048576K
}
Event: 18.378 GC heap before
{Heap before GC invocations=288 (full 3):
 PSYoungGen      total 3584K, used 3141K [0x00000000eab00000, 0x00000000eaf80000, 0x0000000100000000)
  eden space 2560K, 100% used [0x00000000eab00000,0x00000000ead80000,0x00000000ead80000)
  from space 1024K, 56% used [0x00000000eae80000,0x00000000eaf11750,0x00000000eaf80000)
  to   space 1024K, 0% used [0x00000000ead80000,0x00000000ead80000,0x00000000eae80000)
 ParOldGen       total 185344K, used 184857K [0x00000000c0000000, 0x00000000cb500000, 0x00000000eab00000)
  object space 185344K, 99% used [0x00000000c0000000,0x00000000cb486548,0x00000000cb500000)
 Metaspace       used 62298K, committed 63808K, reserved 1114112K
  class space    used 6390K, committed 7104K, reserved 1048576K
}
Event: 18.380 GC heap after
{Heap after GC invocations=288 (full 3):
 PSYoungGen      total 3584K, used 711K [0x00000000eab00000, 0x00000000eb000000, 0x0000000100000000)
  eden space 2560K, 0% used [0x00000000eab00000,0x00000000eab00000,0x00000000ead80000)
  from space 1024K, 69% used [0x00000000ead80000,0x00000000eae31f50,0x00000000eae80000)
  to   space 1024K, 0% used [0x00000000eaf00000,0x00000000eaf00000,0x00000000eb000000)
 ParOldGen       total 185856K, used 185356K [0x00000000c0000000, 0x00000000cb580000, 0x00000000eab00000)
  object space 185856K, 99% used [0x00000000c0000000,0x00000000cb503090,0x00000000cb580000)
 Metaspace       used 62298K, committed 63808K, reserved 1114112K
  class space    used 6390K, committed 7104K, reserved 1048576K
}
Event: 18.394 GC heap before
{Heap before GC invocations=289 (full 3):
 PSYoungGen      total 3584K, used 3271K [0x00000000eab00000, 0x00000000eb000000, 0x0000000100000000)
  eden space 2560K, 100% used [0x00000000eab00000,0x00000000ead80000,0x00000000ead80000)
  from space 1024K, 69% used [0x00000000ead80000,0x00000000eae31f50,0x00000000eae80000)
  to   space 1024K, 0% used [0x00000000eaf00000,0x00000000eaf00000,0x00000000eb000000)
 ParOldGen       total 185856K, used 185356K [0x00000000c0000000, 0x00000000cb580000, 0x00000000eab00000)
  object space 185856K, 99% used [0x00000000c0000000,0x00000000cb503090,0x00000000cb580000)
 Metaspace       used 62302K, committed 63808K, reserved 1114112K
  class space    used 6390K, committed 7104K, reserved 1048576K
}
Event: 18.396 GC heap after
{Heap after GC invocations=289 (full 3):
 PSYoungGen      total 3584K, used 696K [0x00000000eab00000, 0x00000000eb000000, 0x0000000100000000)
  eden space 2560K, 0% used [0x00000000eab00000,0x00000000eab00000,0x00000000ead80000)
  from space 1024K, 67% used [0x00000000eaf00000,0x00000000eafae0c8,0x00000000eb000000)
  to   space 1024K, 0% used [0x00000000ead80000,0x00000000ead80000,0x00000000eae80000)
 ParOldGen       total 186368K, used 185976K [0x00000000c0000000, 0x00000000cb600000, 0x00000000eab00000)
  object space 186368K, 99% used [0x00000000c0000000,0x00000000cb59e3f0,0x00000000cb600000)
 Metaspace       used 62302K, committed 63808K, reserved 1114112K
  class space    used 6390K, committed 7104K, reserved 1048576K
}
Event: 18.410 GC heap before
{Heap before GC invocations=290 (full 3):
 PSYoungGen      total 3584K, used 3256K [0x00000000eab00000, 0x00000000eb000000, 0x0000000100000000)
  eden space 2560K, 100% used [0x00000000eab00000,0x00000000ead80000,0x00000000ead80000)
  from space 1024K, 67% used [0x00000000eaf00000,0x00000000eafae0c8,0x00000000eb000000)
  to   space 1024K, 0% used [0x00000000ead80000,0x00000000ead80000,0x00000000eae80000)
 ParOldGen       total 186368K, used 185976K [0x00000000c0000000, 0x00000000cb600000, 0x00000000eab00000)
  object space 186368K, 99% used [0x00000000c0000000,0x00000000cb59e3f0,0x00000000cb600000)
 Metaspace       used 62303K, committed 63808K, reserved 1114112K
  class space    used 6390K, committed 7104K, reserved 1048576K
}
Event: 18.412 GC heap after
{Heap after GC invocations=290 (full 3):
 PSYoungGen      total 3584K, used 661K [0x00000000eab00000, 0x00000000eaf80000, 0x0000000100000000)
  eden space 2560K, 0% used [0x00000000eab00000,0x00000000eab00000,0x00000000ead80000)
  from space 1024K, 64% used [0x00000000ead80000,0x00000000eae25558,0x00000000eae80000)
  to   space 1024K, 0% used [0x00000000eae80000,0x00000000eae80000,0x00000000eaf80000)
 ParOldGen       total 186880K, used 186595K [0x00000000c0000000, 0x00000000cb680000, 0x00000000eab00000)
  object space 186880K, 99% used [0x00000000c0000000,0x00000000cb638d78,0x00000000cb680000)
 Metaspace       used 62303K, committed 63808K, reserved 1114112K
  class space    used 6390K, committed 7104K, reserved 1048576K
}
Event: 18.426 GC heap before
{Heap before GC invocations=291 (full 3):
 PSYoungGen      total 3584K, used 3221K [0x00000000eab00000, 0x00000000eaf80000, 0x0000000100000000)
  eden space 2560K, 100% used [0x00000000eab00000,0x00000000ead80000,0x00000000ead80000)
  from space 1024K, 64% used [0x00000000ead80000,0x00000000eae25558,0x00000000eae80000)
  to   space 1024K, 0% used [0x00000000eae80000,0x00000000eae80000,0x00000000eaf80000)
 ParOldGen       total 186880K, used 186595K [0x00000000c0000000, 0x00000000cb680000, 0x00000000eab00000)
  object space 186880K, 99% used [0x00000000c0000000,0x00000000cb638d78,0x00000000cb680000)
 Metaspace       used 62304K, committed 63808K, reserved 1114112K
  class space    used 6390K, committed 7104K, reserved 1048576K
}
Event: 18.429 GC heap after
{Heap after GC invocations=291 (full 3):
 PSYoungGen      total 3584K, used 751K [0x00000000eab00000, 0x00000000eaf80000, 0x0000000100000000)
  eden space 2560K, 0% used [0x00000000eab00000,0x00000000eab00000,0x00000000ead80000)
  from space 1024K, 73% used [0x00000000eae80000,0x00000000eaf3bf20,0x00000000eaf80000)
  to   space 1024K, 0% used [0x00000000ead80000,0x00000000ead80000,0x00000000eae80000)
 ParOldGen       total 187392K, used 187186K [0x00000000c0000000, 0x00000000cb700000, 0x00000000eab00000)
  object space 187392K, 99% used [0x00000000c0000000,0x00000000cb6cc880,0x00000000cb700000)
 Metaspace       used 62304K, committed 63808K, reserved 1114112K
  class space    used 6390K, committed 7104K, reserved 1048576K
}
Event: 18.440 GC heap before
{Heap before GC invocations=292 (full 3):
 PSYoungGen      total 3584K, used 3311K [0x00000000eab00000, 0x00000000eaf80000, 0x0000000100000000)
  eden space 2560K, 100% used [0x00000000eab00000,0x00000000ead80000,0x00000000ead80000)
  from space 1024K, 73% used [0x00000000eae80000,0x00000000eaf3bf20,0x00000000eaf80000)
  to   space 1024K, 0% used [0x00000000ead80000,0x00000000ead80000,0x00000000eae80000)
 ParOldGen       total 187392K, used 187186K [0x00000000c0000000, 0x00000000cb700000, 0x00000000eab00000)
  object space 187392K, 99% used [0x00000000c0000000,0x00000000cb6cc880,0x00000000cb700000)
 Metaspace       used 62305K, committed 63808K, reserved 1114112K
  class space    used 6390K, committed 7104K, reserved 1048576K
}
Event: 18.442 GC heap after
{Heap after GC invocations=292 (full 3):
 PSYoungGen      total 3584K, used 735K [0x00000000eab00000, 0x00000000eaf80000, 0x0000000100000000)
  eden space 2560K, 0% used [0x00000000eab00000,0x00000000eab00000,0x00000000ead80000)
  from space 1024K, 71% used [0x00000000ead80000,0x00000000eae37e48,0x00000000eae80000)
  to   space 1024K, 0% used [0x00000000eae80000,0x00000000eae80000,0x00000000eaf80000)
 ParOldGen       total 187904K, used 187820K [0x00000000c0000000, 0x00000000cb780000, 0x00000000eab00000)
  object space 187904K, 99% used [0x00000000c0000000,0x00000000cb76b0c8,0x00000000cb780000)
 Metaspace       used 62305K, committed 63808K, reserved 1114112K
  class space    used 6390K, committed 7104K, reserved 1048576K
}
Event: 18.450 GC heap before
{Heap before GC invocations=293 (full 3):
 PSYoungGen      total 3584K, used 3295K [0x00000000eab00000, 0x00000000eaf80000, 0x0000000100000000)
  eden space 2560K, 100% used [0x00000000eab00000,0x00000000ead80000,0x00000000ead80000)
  from space 1024K, 71% used [0x00000000ead80000,0x00000000eae37e48,0x00000000eae80000)
  to   space 1024K, 0% used [0x00000000eae80000,0x00000000eae80000,0x00000000eaf80000)
 ParOldGen       total 187904K, used 187820K [0x00000000c0000000, 0x00000000cb780000, 0x00000000eab00000)
  object space 187904K, 99% used [0x00000000c0000000,0x00000000cb76b0c8,0x00000000cb780000)
 Metaspace       used 62305K, committed 63808K, reserved 1114112K
  class space    used 6390K, committed 7104K, reserved 1048576K
}
Event: 19.454 GC heap after
{Heap after GC invocations=293 (full 3):
 PSYoungGen      total 3584K, used 786K [0x00000000eab00000, 0x00000000eb000000, 0x0000000100000000)
  eden space 2560K, 0% used [0x00000000eab00000,0x00000000eab00000,0x00000000ead80000)
  from space 1024K, 76% used [0x00000000eae80000,0x00000000eaf449d8,0x00000000eaf80000)
  to   space 1024K, 0% used [0x00000000ead80000,0x00000000ead80000,0x00000000eae80000)
 ParOldGen       total 188928K, used 188460K [0x00000000c0000000, 0x00000000cb880000, 0x00000000eab00000)
  object space 188928K, 99% used [0x00000000c0000000,0x00000000cb80b388,0x00000000cb880000)
 Metaspace       used 62305K, committed 63808K, reserved 1114112K
  class space    used 6390K, committed 7104K, reserved 1048576K
}
Event: 19.463 GC heap before
{Heap before GC invocations=294 (full 3):
 PSYoungGen      total 3584K, used 3346K [0x00000000eab00000, 0x00000000eb000000, 0x0000000100000000)
  eden space 2560K, 100% used [0x00000000eab00000,0x00000000ead80000,0x00000000ead80000)
  from space 1024K, 76% used [0x00000000eae80000,0x00000000eaf449d8,0x00000000eaf80000)
  to   space 1024K, 0% used [0x00000000ead80000,0x00000000ead80000,0x00000000eae80000)
 ParOldGen       total 188928K, used 188460K [0x00000000c0000000, 0x00000000cb880000, 0x00000000eab00000)
  object space 188928K, 99% used [0x00000000c0000000,0x00000000cb80b388,0x00000000cb880000)
 Metaspace       used 62305K, committed 63808K, reserved 1114112K
  class space    used 6390K, committed 7104K, reserved 1048576K
}

