# JRE version: OpenJDK Runtime Environment Temurin-21.0.6+7 (21.0.6+7) (build 21.0.6+7-LTS)
# Java VM: OpenJDK 64-Bit Server VM Temurin-21.0.6+7 (21.0.6+7-LTS, mixed mode, sharing, tiered, compressed oops, compressed class ptrs, parallel gc, windows-amd64)
GC Precious Log:
 CardTable entry size: 512
 CPUs: 8 total, 8 available
 Memory: 8029M
 Large Page Support: Disabled
 NUMA Support: Disabled
 Compressed Oops: Enabled (32-bit)
 Alignments: Space 512K, Generation 512K, Heap 2M
 Heap Min Capacity: 100M
 Heap Initial Capacity: 100M
 Heap Max Capacity: 1G
 Pre-touch: Disabled
 Parallel Workers: 8
Heap:
 PSYoungGen      total 4608K, used 3210K [0x00000000eab00000, 0x00000000eb080000, 0x0000000100000000)
  eden space 3584K, 76% used [0x00000000eab00000,0x00000000eadaab10,0x00000000eae80000)
  from space 1024K, 46% used [0x00000000eae80000,0x00000000eaef8000,0x00000000eaf80000)
  to   space 1024K, 0% used [0x00000000eaf80000,0x00000000eaf80000,0x00000000eb080000)
 ParOldGen       total 465920K, used 465556K [0x00000000c0000000, 0x00000000dc700000, 0x00000000eab00000)
  object space 465920K, 99% used [0x00000000c0000000,0x00000000dc6a5268,0x00000000dc700000)
 Metaspace       used 64640K, committed 66112K, reserved 1114112K
  class space    used 6675K, committed 7360K, reserved 1048576K
GC Heap History (20 events):
Event: 20.145 GC heap before
{Heap before GC invocations=450 (full 3):
 PSYoungGen      total 4608K, used 4128K [0x00000000eab00000, 0x00000000eb080000, 0x0000000100000000)
  eden space 3584K, 100% used [0x00000000eab00000,0x00000000eae80000,0x00000000eae80000)
  from space 1024K, 53% used [0x00000000eaf80000,0x00000000eb008000,0x00000000eb080000)
  to   space 1024K, 0% used [0x00000000eae80000,0x00000000eae80000,0x00000000eaf80000)
 ParOldGen       total 459776K, used 459438K [0x00000000c0000000, 0x00000000dc100000, 0x00000000eab00000)
  object space 459776K, 99% used [0x00000000c0000000,0x00000000dc0ab848,0x00000000dc100000)
 Metaspace       used 64640K, committed 66112K, reserved 1114112K
  class space    used 6675K, committed 7360K, reserved 1048576K
}
Event: 20.147 GC heap after
{Heap after GC invocations=450 (full 3):
 PSYoungGen      total 4608K, used 480K [0x00000000eab00000, 0x00000000eb000000, 0x0000000100000000)
  eden space 3584K, 0% used [0x00000000eab00000,0x00000000eab00000,0x00000000eae80000)
  from space 1024K, 46% used [0x00000000eae80000,0x00000000eaef8000,0x00000000eaf80000)
  to   space 512K, 0% used [0x00000000eaf80000,0x00000000eaf80000,0x00000000eb000000)
 ParOldGen       total 460288K, used 459854K [0x00000000c0000000, 0x00000000dc180000, 0x00000000eab00000)
  object space 460288K, 99% used [0x00000000c0000000,0x00000000dc113848,0x00000000dc180000)
 Metaspace       used 64640K, committed 66112K, reserved 1114112K
  class space    used 6675K, committed 7360K, reserved 1048576K
}
Event: 20.156 GC heap before
{Heap before GC invocations=451 (full 3):
 PSYoungGen      total 4608K, used 4064K [0x00000000eab00000, 0x00000000eb000000, 0x0000000100000000)
  eden space 3584K, 100% used [0x00000000eab00000,0x00000000eae80000,0x00000000eae80000)
  from space 1024K, 46% used [0x00000000eae80000,0x00000000eaef8000,0x00000000eaf80000)
  to   space 512K, 0% used [0x00000000eaf80000,0x00000000eaf80000,0x00000000eb000000)
 ParOldGen       total 460288K, used 459854K [0x00000000c0000000, 0x00000000dc180000, 0x00000000eab00000)
  object space 460288K, 99% used [0x00000000c0000000,0x00000000dc113848,0x00000000dc180000)
 Metaspace       used 64640K, committed 66112K, reserved 1114112K
  class space    used 6675K, committed 7360K, reserved 1048576K
}
Event: 20.158 GC heap after
{Heap after GC invocations=451 (full 3):
 PSYoungGen      total 4096K, used 496K [0x00000000eab00000, 0x00000000eb080000, 0x0000000100000000)
  eden space 3584K, 0% used [0x00000000eab00000,0x00000000eab00000,0x00000000eae80000)
  from space 512K, 96% used [0x00000000eaf80000,0x00000000eaffc0f0,0x00000000eb000000)
  to   space 1024K, 0% used [0x00000000eae80000,0x00000000eae80000,0x00000000eaf80000)
 ParOldGen       total 460800K, used 460294K [0x00000000c0000000, 0x00000000dc200000, 0x00000000eab00000)
  object space 460800K, 99% used [0x00000000c0000000,0x00000000dc181848,0x00000000dc200000)
 Metaspace       used 64640K, committed 66112K, reserved 1114112K
  class space    used 6675K, committed 7360K, reserved 1048576K
}
Event: 20.166 GC heap before
{Heap before GC invocations=452 (full 3):
 PSYoungGen      total 4096K, used 4080K [0x00000000eab00000, 0x00000000eb080000, 0x0000000100000000)
  eden space 3584K, 100% used [0x00000000eab00000,0x00000000eae80000,0x00000000eae80000)
  from space 512K, 96% used [0x00000000eaf80000,0x00000000eaffc0f0,0x00000000eb000000)
  to   space 1024K, 0% used [0x00000000eae80000,0x00000000eae80000,0x00000000eaf80000)
 ParOldGen       total 460800K, used 460294K [0x00000000c0000000, 0x00000000dc200000, 0x00000000eab00000)
  object space 460800K, 99% used [0x00000000c0000000,0x00000000dc181848,0x00000000dc200000)
 Metaspace       used 64640K, committed 66112K, reserved 1114112K
  class space    used 6675K, committed 7360K, reserved 1048576K
}
Event: 20.168 GC heap after
{Heap after GC invocations=452 (full 3):
 PSYoungGen      total 4608K, used 544K [0x00000000eab00000, 0x00000000eb080000, 0x0000000100000000)
  eden space 3584K, 0% used [0x00000000eab00000,0x00000000eab00000,0x00000000eae80000)
  from space 1024K, 53% used [0x00000000eae80000,0x00000000eaf08000,0x00000000eaf80000)
  to   space 1024K, 0% used [0x00000000eaf80000,0x00000000eaf80000,0x00000000eb080000)
 ParOldGen       total 460800K, used 460742K [0x00000000c0000000, 0x00000000dc200000, 0x00000000eab00000)
  object space 460800K, 99% used [0x00000000c0000000,0x00000000dc1f1848,0x00000000dc200000)
 Metaspace       used 64640K, committed 66112K, reserved 1114112K
  class space    used 6675K, committed 7360K, reserved 1048576K
}
Event: 20.177 GC heap before
{Heap before GC invocations=453 (full 3):
 PSYoungGen      total 4608K, used 4121K [0x00000000eab00000, 0x00000000eb080000, 0x0000000100000000)
  eden space 3584K, 99% used [0x00000000eab00000,0x00000000eae7e590,0x00000000eae80000)
  from space 1024K, 53% used [0x00000000eae80000,0x00000000eaf08000,0x00000000eaf80000)
  to   space 1024K, 0% used [0x00000000eaf80000,0x00000000eaf80000,0x00000000eb080000)
 ParOldGen       total 460800K, used 460742K [0x00000000c0000000, 0x00000000dc200000, 0x00000000eab00000)
  object space 460800K, 99% used [0x00000000c0000000,0x00000000dc1f1848,0x00000000dc200000)
 Metaspace       used 64640K, committed 66112K, reserved 1114112K
  class space    used 6675K, committed 7360K, reserved 1048576K
}
Event: 20.179 GC heap after
{Heap after GC invocations=453 (full 3):
 PSYoungGen      total 4608K, used 563K [0x00000000eab00000, 0x00000000eb080000, 0x0000000100000000)
  eden space 3584K, 0% used [0x00000000eab00000,0x00000000eab00000,0x00000000eae80000)
  from space 1024K, 55% used [0x00000000eaf80000,0x00000000eb00cd20,0x00000000eb080000)
  to   space 1024K, 0% used [0x00000000eae80000,0x00000000eae80000,0x00000000eaf80000)
 ParOldGen       total 461312K, used 461222K [0x00000000c0000000, 0x00000000dc280000, 0x00000000eab00000)
  object space 461312K, 99% used [0x00000000c0000000,0x00000000dc269848,0x00000000dc280000)
 Metaspace       used 64640K, committed 66112K, reserved 1114112K
  class space    used 6675K, committed 7360K, reserved 1048576K
}
Event: 20.188 GC heap before
{Heap before GC invocations=454 (full 3):
 PSYoungGen      total 4608K, used 4147K [0x00000000eab00000, 0x00000000eb080000, 0x0000000100000000)
  eden space 3584K, 100% used [0x00000000eab00000,0x00000000eae80000,0x00000000eae80000)
  from space 1024K, 55% used [0x00000000eaf80000,0x00000000eb00cd20,0x00000000eb080000)
  to   space 1024K, 0% used [0x00000000eae80000,0x00000000eae80000,0x00000000eaf80000)
 ParOldGen       total 461312K, used 461222K [0x00000000c0000000, 0x00000000dc280000, 0x00000000eab00000)
  object space 461312K, 99% used [0x00000000c0000000,0x00000000dc269848,0x00000000dc280000)
 Metaspace       used 64640K, committed 66112K, reserved 1114112K
  class space    used 6675K, committed 7360K, reserved 1048576K
}
Event: 20.190 GC heap after
{Heap after GC invocations=454 (full 3):
 PSYoungGen      total 4608K, used 608K [0x00000000eab00000, 0x00000000eb080000, 0x0000000100000000)
  eden space 3584K, 0% used [0x00000000eab00000,0x00000000eab00000,0x00000000eae80000)
  from space 1024K, 59% used [0x00000000eae80000,0x00000000eaf18000,0x00000000eaf80000)
  to   space 1024K, 0% used [0x00000000eaf80000,0x00000000eaf80000,0x00000000eb080000)
 ParOldGen       total 461824K, used 461678K [0x00000000c0000000, 0x00000000dc300000, 0x00000000eab00000)
  object space 461824K, 99% used [0x00000000c0000000,0x00000000dc2db848,0x00000000dc300000)
 Metaspace       used 64640K, committed 66112K, reserved 1114112K
  class space    used 6675K, committed 7360K, reserved 1048576K
}
Event: 20.198 GC heap before
{Heap before GC invocations=455 (full 3):
 PSYoungGen      total 4608K, used 4192K [0x00000000eab00000, 0x00000000eb080000, 0x0000000100000000)
  eden space 3584K, 100% used [0x00000000eab00000,0x00000000eae80000,0x00000000eae80000)
  from space 1024K, 59% used [0x00000000eae80000,0x00000000eaf18000,0x00000000eaf80000)
  to   space 1024K, 0% used [0x00000000eaf80000,0x00000000eaf80000,0x00000000eb080000)
 ParOldGen       total 461824K, used 461678K [0x00000000c0000000, 0x00000000dc300000, 0x00000000eab00000)
  object space 461824K, 99% used [0x00000000c0000000,0x00000000dc2db848,0x00000000dc300000)
 Metaspace       used 64640K, committed 66112K, reserved 1114112K
  class space    used 6675K, committed 7360K, reserved 1048576K
}
Event: 20.199 GC heap after
{Heap after GC invocations=455 (full 3):
 PSYoungGen      total 4608K, used 576K [0x00000000eab00000, 0x00000000eb080000, 0x0000000100000000)
  eden space 3584K, 0% used [0x00000000eab00000,0x00000000eab00000,0x00000000eae80000)
  from space 1024K, 56% used [0x00000000eaf80000,0x00000000eb010000,0x00000000eb080000)
  to   space 1024K, 0% used [0x00000000eae80000,0x00000000eae80000,0x00000000eaf80000)
 ParOldGen       total 462336K, used 462158K [0x00000000c0000000, 0x00000000dc380000, 0x00000000eab00000)
  object space 462336K, 99% used [0x00000000c0000000,0x00000000dc353848,0x00000000dc380000)
 Metaspace       used 64640K, committed 66112K, reserved 1114112K
  class space    used 6675K, committed 7360K, reserved 1048576K
}
Event: 20.209 GC heap before
{Heap before GC invocations=456 (full 3):
 PSYoungGen      total 4608K, used 4160K [0x00000000eab00000, 0x00000000eb080000, 0x0000000100000000)
  eden space 3584K, 100% used [0x00000000eab00000,0x00000000eae80000,0x00000000eae80000)
  from space 1024K, 56% used [0x00000000eaf80000,0x00000000eb010000,0x00000000eb080000)
  to   space 1024K, 0% used [0x00000000eae80000,0x00000000eae80000,0x00000000eaf80000)
 ParOldGen       total 462336K, used 462158K [0x00000000c0000000, 0x00000000dc380000, 0x00000000eab00000)
  object space 462336K, 99% used [0x00000000c0000000,0x00000000dc353848,0x00000000dc380000)
 Metaspace       used 64640K, committed 66112K, reserved 1114112K
  class space    used 6675K, committed 7360K, reserved 1048576K
}
Event: 20.211 GC heap after
{Heap after GC invocations=456 (full 3):
 PSYoungGen      total 4608K, used 670K [0x00000000eab00000, 0x00000000eb080000, 0x0000000100000000)
  eden space 3584K, 0% used [0x00000000eab00000,0x00000000eab00000,0x00000000eae80000)
  from space 1024K, 65% used [0x00000000eae80000,0x00000000eaf27868,0x00000000eaf80000)
  to   space 1024K, 0% used [0x00000000eaf80000,0x00000000eaf80000,0x00000000eb080000)
 ParOldGen       total 462848K, used 462630K [0x00000000c0000000, 0x00000000dc400000, 0x00000000eab00000)
  object space 462848K, 99% used [0x00000000c0000000,0x00000000dc3c9848,0x00000000dc400000)
 Metaspace       used 64640K, committed 66112K, reserved 1114112K
  class space    used 6675K, committed 7360K, reserved 1048576K
}
Event: 20.219 GC heap before
{Heap before GC invocations=457 (full 3):
 PSYoungGen      total 4608K, used 4254K [0x00000000eab00000, 0x00000000eb080000, 0x0000000100000000)
  eden space 3584K, 100% used [0x00000000eab00000,0x00000000eae80000,0x00000000eae80000)
  from space 1024K, 65% used [0x00000000eae80000,0x00000000eaf27868,0x00000000eaf80000)
  to   space 1024K, 0% used [0x00000000eaf80000,0x00000000eaf80000,0x00000000eb080000)
 ParOldGen       total 462848K, used 462630K [0x00000000c0000000, 0x00000000dc400000, 0x00000000eab00000)
  object space 462848K, 99% used [0x00000000c0000000,0x00000000dc3c9848,0x00000000dc400000)
 Metaspace       used 64640K, committed 66112K, reserved 1114112K
  class space    used 6675K, committed 7360K, reserved 1048576K
}
Event: 20.222 GC heap after
{Heap after GC invocations=457 (full 3):
 PSYoungGen      total 4608K, used 544K [0x00000000eab00000, 0x00000000eb080000, 0x0000000100000000)
  eden space 3584K, 0% used [0x00000000eab00000,0x00000000eab00000,0x00000000eae80000)
  from space 1024K, 53% used [0x00000000eaf80000,0x00000000eb008000,0x00000000eb080000)
  to   space 1024K, 0% used [0x00000000eae80000,0x00000000eae80000,0x00000000eaf80000)
 ParOldGen       total 463360K, used 463110K [0x00000000c0000000, 0x00000000dc480000, 0x00000000eab00000)
  object space 463360K, 99% used [0x00000000c0000000,0x00000000dc441848,0x00000000dc480000)
 Metaspace       used 64640K, committed 66112K, reserved 1114112K
  class space    used 6675K, committed 7360K, reserved 1048576K
}
Event: 20.229 GC heap before
{Heap before GC invocations=458 (full 3):
 PSYoungGen      total 4608K, used 4128K [0x00000000eab00000, 0x00000000eb080000, 0x0000000100000000)
  eden space 3584K, 100% used [0x00000000eab00000,0x00000000eae80000,0x00000000eae80000)
  from space 1024K, 53% used [0x00000000eaf80000,0x00000000eb008000,0x00000000eb080000)
  to   space 1024K, 0% used [0x00000000eae80000,0x00000000eae80000,0x00000000eaf80000)
 ParOldGen       total 463360K, used 463110K [0x00000000c0000000, 0x00000000dc480000, 0x00000000eab00000)
  object space 463360K, 99% used [0x00000000c0000000,0x00000000dc441848,0x00000000dc480000)
 Metaspace       used 64640K, committed 66112K, reserved 1114112K
  class space    used 6675K, committed 7360K, reserved 1048576K
}
Event: 20.231 GC heap after
{Heap after GC invocations=458 (full 3):
 PSYoungGen      total 4608K, used 608K [0x00000000eab00000, 0x00000000eb080000, 0x0000000100000000)
  eden space 3584K, 0% used [0x00000000eab00000,0x00000000eab00000,0x00000000eae80000)
  from space 1024K, 59% used [0x00000000eae80000,0x00000000eaf18000,0x00000000eaf80000)
  to   space 1024K, 0% used [0x00000000eaf80000,0x00000000eaf80000,0x00000000eb080000)
 ParOldGen       total 463872K, used 463606K [0x00000000c0000000, 0x00000000dc500000, 0x00000000eab00000)
  object space 463872K, 99% used [0x00000000c0000000,0x00000000dc4bd848,0x00000000dc500000)
 Metaspace       used 64640K, committed 66112K, reserved 1114112K
  class space    used 6675K, committed 7360K, reserved 1048576K
}
Event: 20.240 GC heap before
{Heap before GC invocations=459 (full 3):
 PSYoungGen      total 4608K, used 4192K [0x00000000eab00000, 0x00000000eb080000, 0x0000000100000000)
  eden space 3584K, 100% used [0x00000000eab00000,0x00000000eae80000,0x00000000eae80000)
  from space 1024K, 59% used [0x00000000eae80000,0x00000000eaf18000,0x00000000eaf80000)
  to   space 1024K, 0% used [0x00000000eaf80000,0x00000000eaf80000,0x00000000eb080000)
 ParOldGen       total 463872K, used 463606K [0x00000000c0000000, 0x00000000dc500000, 0x00000000eab00000)
  object space 463872K, 99% used [0x00000000c0000000,0x00000000dc4bd848,0x00000000dc500000)
 Metaspace       used 64640K, committed 66112K, reserved 1114112K
  class space    used 6675K, committed 7360K, reserved 1048576K
}
Event: 20.242 GC heap after
{Heap after GC invocations=459 (full 3):
 PSYoungGen      total 4608K, used 608K [0x00000000eab00000, 0x00000000eb080000, 0x0000000100000000)
  eden space 3584K, 0% used [0x00000000eab00000,0x00000000eab00000,0x00000000eae80000)
  from space 1024K, 59% used [0x00000000eaf80000,0x00000000eb018000,0x00000000eb080000)
  to   space 1024K, 0% used [0x00000000eae80000,0x00000000eae80000,0x00000000eaf80000)
 ParOldGen       total 464384K, used 464062K [0x00000000c0000000, 0x00000000dc580000, 0x00000000eab00000)
  object space 464384K, 99% used [0x00000000c0000000,0x00000000dc52f848,0x00000000dc580000)
 Metaspace       used 64640K, committed 66112K, reserved 1114112K
  class space    used 6675K, committed 7360K, reserved 1048576K
}

